<?xml version="1.0" encoding="utf-8"?>
<TestRun id="4b7576e4-e78b-4a7f-a924-853b45d2601c" name="gshou@DESKTOP-T96MPDQ 2026-04-14 17:04:51" runUser="DESKTOP-T96MPDQ\gshou" xmlns="http://microsoft.com/schemas/VisualStudio/TeamTest/2010">
  <Times creation="2026-04-14T17:04:51.7994049+10:00" queuing="2026-04-14T17:04:51.7994050+10:00" start="2026-04-14T17:04:51.2421004+10:00" finish="2026-04-14T17:04:51.8431698+10:00" />
  <TestSettings name="default" id="99ad903d-20aa-4e4e-8fc6-df60e1233a91">
    <Deployment runDeploymentRoot="gshou_DESKTOP-T96MPDQ_2026-04-14_17_04_51" />
  </TestSettings>
  <Results>
    <UnitTestResult executionId="2e3ac50c-7ccd-4d95-bd41-5b6d542a4f1c" testId="b3aebf42-5c81-5d32-2999-98f7fde95bcc" testName="GEditor.Tests.Documents.DocumentTests.Dispose_UnsubscribesFromBufferEvents" computerName="DESKTOP-T96MPDQ" duration="00:00:00.0004414" startTime="2026-04-14T17:04:51.7614140+10:00" endTime="2026-04-14T17:04:51.7614141+10:00" testType="13cdc9d9-ddb5-4fa4-a97d-d965ccfc6d4b" outcome="Passed" testListId="8c84fa94-04c1-424b-9868-57a2d4851a1d" relativeResultsDirectory="2e3ac50c-7ccd-4d95-bd41-5b6d542a4f1c" />
    <UnitTestResult executionId="3e69f81e-9e7a-4b89-aa01-46682ae1b352" testId="14e6c8e4-e813-7a30-b2f6-4f3f6111a43b" testName="GEditor.Tests.Editing.ColumnCommandTests.ColumnInsertCommand_ShouldSupportUndo" computerName="DESKTOP-T96MPDQ" duration="00:00:00.0009555" startTime="2026-04-14T17:04:51.7689714+10:00" endTime="2026-04-14T17:04:51.7689714+10:00" testType="13cdc9d9-ddb5-4fa4-a97d-d965ccfc6d4b" outcome="Passed" testListId="8c84fa94-04c1-424b-9868-57a2d4851a1d" relativeResultsDirectory="3e69f81e-9e7a-4b89-aa01-46682ae1b352" />
    <UnitTestResult executionId="5011371c-ca74-48ca-811d-1a28a75fdb71" testId="fa73abe3-dc51-6acd-d8b4-8c0179200bce" testName="GEditor.Tests.Selection.ColumnSelectionTests.IsNormalized_WhenStartBeforeEnd_ShouldBeTrue" computerName="DESKTOP-T96MPDQ" duration="00:00:00.0000605" startTime="2026-04-14T17:04:51.7605556+10:00" endTime="2026-04-14T17:04:51.7605556+10:00" testType="13cdc9d9-ddb5-4fa4-a97d-d965ccfc6d4b" outcome="Passed" testListId="8c84fa94-04c1-424b-9868-57a2d4851a1d" relativeResultsDirectory="5011371c-ca74-48ca-811d-1a28a75fdb71" />
    <UnitTestResult executionId="2493014e-f258-4ac1-9680-b9e7f6482d64" testId="4c4cbac3-3e45-6e4b-58d3-50743c783be7" testName="GEditor.Tests.Editing.ColumnEditModeTests.InsertAtColumns_ShouldInsertAtMultiplePositions" computerName="DESKTOP-T96MPDQ" duration="00:00:00.0042118" startTime="2026-04-14T17:04:51.7640304+10:00" endTime="2026-04-14T17:04:51.7640304+10:00" testType="13cdc9d9-ddb5-4fa4-a97d-d965ccfc6d4b" outcome="Passed" testListId="8c84fa94-04c1-424b-9868-57a2d4851a1d" relativeResultsDirectory="2493014e-f258-4ac1-9680-b9e7f6482d64" />
    <UnitTestResult executionId="35b30778-30c4-4b9d-ae12-531e8dd590b3" testId="de8e65eb-a289-5be6-d7c7-64e95982e67c" testName="GEditor.Tests.Editing.ColumnCommandTests.GetColumnText_ShouldHandleSingleLineSelection" computerName="DESKTOP-T96MPDQ" duration="00:00:00.0001204" startTime="2026-04-14T17:04:51.7694831+10:00" endTime="2026-04-14T17:04:51.7694832+10:00" testType="13cdc9d9-ddb5-4fa4-a97d-d965ccfc6d4b" outcome="Passed" testListId="8c84fa94-04c1-424b-9868-57a2d4851a1d" relativeResultsDirectory="35b30778-30c4-4b9d-ae12-531e8dd590b3" />
    <UnitTestResult executionId="55310ce6-3847-41f8-82d9-fc3fc8167f33" testId="b41962f3-a4e2-69f4-8dac-32d9b39f531d" testName="GEditor.Tests.Search.SearchServiceTests.ReplaceAll_MultiLine_ReplacesOnMultipleLines" computerName="DESKTOP-T96MPDQ" duration="00:00:00.0001864" startTime="2026-04-14T17:04:51.7645397+10:00" endTime="2026-04-14T17:04:51.7645398+10:00" testType="13cdc9d9-ddb5-4fa4-a97d-d965ccfc6d4b" outcome="Passed" testListId="8c84fa94-04c1-424b-9868-57a2d4851a1d" relativeResultsDirectory="55310ce6-3847-41f8-82d9-fc3fc8167f33" />
    <UnitTestResult executionId="8b836fd1-afff-498a-89b7-39ca1e5fc219" testId="74336d27-23d7-e830-a28d-9c5df29a792e" testName="GEditor.Tests.Syntax.XmlHighlighterTests.HighlightLine_EmptyLine_ReturnsEmpty" computerName="DESKTOP-T96MPDQ" duration="00:00:00.0053847" startTime="2026-04-14T17:04:51.7463754+10:00" endTime="2026-04-14T17:04:51.7463755+10:00" testType="13cdc9d9-ddb5-4fa4-a97d-d965ccfc6d4b" outcome="Passed" testListId="8c84fa94-04c1-424b-9868-57a2d4851a1d" relativeResultsDirectory="8b836fd1-afff-498a-89b7-39ca1e5fc219" />
    <UnitTestResult executionId="03fdd221-a5f0-48ff-b0e6-cb81460fe8ac" testId="72d8e53d-3476-55e9-61b9-359a2353fafb" testName="GEditor.Tests.Editing.ColumnEditModeTests.DeleteAtColumns_ShouldHandleOutOfBoundsColumns" computerName="DESKTOP-T96MPDQ" duration="00:00:00.0080256" startTime="2026-04-14T17:04:51.7609732+10:00" endTime="2026-04-14T17:04:51.7609732+10:00" testType="13cdc9d9-ddb5-4fa4-a97d-d965ccfc6d4b" outcome="Passed" testListId="8c84fa94-04c1-424b-9868-57a2d4851a1d" relativeResultsDirectory="03fdd221-a5f0-48ff-b0e6-cb81460fe8ac" />
    <UnitTestResult executionId="9120e4e2-4864-47e5-bff6-806dfa534d47" testId="a006b4aa-f84b-aa07-37ae-68cb9aa7650c" testName="GEditor.Tests.Syntax.XmlHighlighterTests.SupportedExtensions" computerName="DESKTOP-T96MPDQ" duration="00:00:00.0002231" startTime="2026-04-14T17:04:51.7691567+10:00" endTime="2026-04-14T17:04:51.7691567+10:00" testType="13cdc9d9-ddb5-4fa4-a97d-d965ccfc6d4b" outcome="Passed" testListId="8c84fa94-04c1-424b-9868-57a2d4851a1d" relativeResultsDirectory="9120e4e2-4864-47e5-bff6-806dfa534d47" />
    <UnitTestResult executionId="aba216c5-ff76-4cc7-9cb4-e2da1db507e3" testId="69d2fcb4-b189-5319-5bde-20dd0631f8fa" testName="GEditor.Tests.Search.SearchServiceTests.ReplaceAll_Execute_ReplacesAllOccurrences" computerName="DESKTOP-T96MPDQ" duration="00:00:00.0001215" startTime="2026-04-14T17:04:51.7663835+10:00" endTime="2026-04-14T17:04:51.7663836+10:00" testType="13cdc9d9-ddb5-4fa4-a97d-d965ccfc6d4b" outcome="Passed" testListId="8c84fa94-04c1-424b-9868-57a2d4851a1d" relativeResultsDirectory="aba216c5-ff76-4cc7-9cb4-e2da1db507e3" />
    <UnitTestResult executionId="d433b22f-06e8-45d3-934f-721923c9a030" testId="3f62f540-57c0-6319-683b-3ca4935775cf" testName="GEditor.Tests.IO.TextFileServiceTests.SaveAs_LfToCr_ConvertsCorrectly" computerName="DESKTOP-T96MPDQ" duration="00:00:00.0047153" startTime="2026-04-14T17:04:51.7703926+10:00" endTime="2026-04-14T17:04:51.7703926+10:00" testType="13cdc9d9-ddb5-4fa4-a97d-d965ccfc6d4b" outcome="Passed" testListId="8c84fa94-04c1-424b-9868-57a2d4851a1d" relativeResultsDirectory="d433b22f-06e8-45d3-934f-721923c9a030" />
    <UnitTestResult executionId="2ee5aef4-5e8f-41af-868c-c061367860bd" testId="934ae836-5486-b592-7556-d6a716c37bf0" testName="GEditor.Tests.Syntax.RegexBasedHighlighterTests.HighlightLine_UnmatchedText_IsNone" computerName="DESKTOP-T96MPDQ" duration="00:00:00.0002683" startTime="2026-04-14T17:04:51.7690077+10:00" endTime="2026-04-14T17:04:51.7690077+10:00" testType="13cdc9d9-ddb5-4fa4-a97d-d965ccfc6d4b" outcome="Passed" testListId="8c84fa94-04c1-424b-9868-57a2d4851a1d" relativeResultsDirectory="2ee5aef4-5e8f-41af-868c-c061367860bd" />
    <UnitTestResult executionId="35eb2573-6a69-4870-95bc-8fb5e6c184da" testId="f81cd38f-69f8-10ae-f692-1101219827e2" testName="GEditor.Tests.IO.LineEndingDetectorTests.Detect_EmptyString_ReturnsUnknown" computerName="DESKTOP-T96MPDQ" duration="00:00:00.0001390" startTime="2026-04-14T17:04:51.7593285+10:00" endTime="2026-04-14T17:04:51.7593285+10:00" testType="13cdc9d9-ddb5-4fa4-a97d-d965ccfc6d4b" outcome="Passed" testListId="8c84fa94-04c1-424b-9868-57a2d4851a1d" relativeResultsDirectory="35eb2573-6a69-4870-95bc-8fb5e6c184da" />
    <UnitTestResult executionId="f24a61e8-fa86-4716-ab29-360b3c5b011d" testId="45911d23-3939-bb04-ebf3-6845c16fc35c" testName="GEditor.Tests.Syntax.CSharpHighlighterTests.HighlightLine_EmptyLine_ReturnsEmpty" computerName="DESKTOP-T96MPDQ" duration="00:00:00.0000549" startTime="2026-04-14T17:04:51.7788483+10:00" endTime="2026-04-14T17:04:51.7788485+10:00" testType="13cdc9d9-ddb5-4fa4-a97d-d965ccfc6d4b" outcome="Passed" testListId="8c84fa94-04c1-424b-9868-57a2d4851a1d" relativeResultsDirectory="f24a61e8-fa86-4716-ab29-360b3c5b011d" />
    <UnitTestResult executionId="300058af-1cb5-47d0-8dde-dc41d201ab50" testId="c0aac519-21cd-23ea-5b9d-b01e2535fbd3" testName="GEditor.Tests.Buffer.EditorBufferTests.DeleteAtColumns_OutOfBoundsLine_SkipsGracefully" computerName="DESKTOP-T96MPDQ" duration="00:00:00.0011431" startTime="2026-04-14T17:04:51.7618093+10:00" endTime="2026-04-14T17:04:51.7618094+10:00" testType="13cdc9d9-ddb5-4fa4-a97d-d965ccfc6d4b" outcome="Passed" testListId="8c84fa94-04c1-424b-9868-57a2d4851a1d" relativeResultsDirectory="300058af-1cb5-47d0-8dde-dc41d201ab50" />
    <UnitTestResult executionId="d54dae1e-fd32-43cf-bff7-fca035505aba" testId="622213f9-3800-e6bd-3406-ef07d4d7f64b" testName="GEditor.Tests.Syntax.SyntaxHighlighterRegistryTests.Register_MultipleHighlighters_MapsCorrectly" computerName="DESKTOP-T96MPDQ" duration="00:00:00.0011456" startTime="2026-04-14T17:04:51.7673907+10:00" endTime="2026-04-14T17:04:51.7673907+10:00" testType="13cdc9d9-ddb5-4fa4-a97d-d965ccfc6d4b" outcome="Passed" testListId="8c84fa94-04c1-424b-9868-57a2d4851a1d" relativeResultsDirectory="d54dae1e-fd32-43cf-bff7-fca035505aba" />
    <UnitTestResult executionId="ed995559-4375-4384-b290-616f9eb4b00b" testId="09103cc4-e5e3-9674-63d8-32bf34cab8b8" testName="GEditor.Tests.Buffer.EditorBufferTests.Delete_CrossLine_DeletesCorrectly" computerName="DESKTOP-T96MPDQ" duration="00:00:00.0001058" startTime="2026-04-14T17:04:51.7649892+10:00" endTime="2026-04-14T17:04:51.7649893+10:00" testType="13cdc9d9-ddb5-4fa4-a97d-d965ccfc6d4b" outcome="Passed" testListId="8c84fa94-04c1-424b-9868-57a2d4851a1d" relativeResultsDirectory="ed995559-4375-4384-b290-616f9eb4b00b" />
    <UnitTestResult executionId="e05df083-a0b8-4d3e-9169-0e1ccc582ec3" testId="24dd7cb2-1d55-7103-6e0d-911913f71135" testName="GEditor.Tests.Syntax.CSharpHighlighterTests.HighlightLine_Comment" computerName="DESKTOP-T96MPDQ" duration="00:00:00.0073817" startTime="2026-04-14T17:04:51.7685648+10:00" endTime="2026-04-14T17:04:51.7685649+10:00" testType="13cdc9d9-ddb5-4fa4-a97d-d965ccfc6d4b" outcome="Passed" testListId="8c84fa94-04c1-424b-9868-57a2d4851a1d" relativeResultsDirectory="e05df083-a0b8-4d3e-9169-0e1ccc582ec3" />
    <UnitTestResult executionId="01b50fe2-d50d-40d7-911d-73cfcfbb02bf" testId="78003ffb-cf7a-e8cf-d1e4-9826f92abdb9" testName="GEditor.Tests.Editing.CompositeEditCommandTests.CompositeCommand_InUndoRedoManager_WorksAsSingleUnit" computerName="DESKTOP-T96MPDQ" duration="00:00:00.0002875" startTime="2026-04-14T17:04:51.7669403+10:00" endTime="2026-04-14T17:04:51.7669404+10:00" testType="13cdc9d9-ddb5-4fa4-a97d-d965ccfc6d4b" outcome="Passed" testListId="8c84fa94-04c1-424b-9868-57a2d4851a1d" relativeResultsDirectory="01b50fe2-d50d-40d7-911d-73cfcfbb02bf" />
    <UnitTestResult executionId="376089d6-6a59-4a86-9063-d2dffa447c48" testId="a7296682-929c-1330-e671-59c9e3a0adbb" testName="GEditor.Tests.Syntax.RegexBasedHighlighterTests.HighlightLine_Priority_FirstRuleWins" computerName="DESKTOP-T96MPDQ" duration="00:00:00.0018691" startTime="2026-04-14T17:04:51.7670254+10:00" endTime="2026-04-14T17:04:51.7670254+10:00" testType="13cdc9d9-ddb5-4fa4-a97d-d965ccfc6d4b" outcome="Passed" testListId="8c84fa94-04c1-424b-9868-57a2d4851a1d" relativeResultsDirectory="376089d6-6a59-4a86-9063-d2dffa447c48" />
    <UnitTestResult executionId="a9080a53-1b45-45af-8f8c-eee848ad6672" testId="b337e146-a235-5342-ac8a-9d26bba861f4" testName="GEditor.Tests.Editing.CrlfCommandTests.GetBufferLength_ReturnsCorrectLength(text: &quot;line1\r\nline2\r\nline3&quot;, expected: 17)" computerName="DESKTOP-T96MPDQ" duration="00:00:00.0000029" startTime="2026-04-14T17:04:51.7632732+10:00" endTime="2026-04-14T17:04:51.7632732+10:00" testType="13cdc9d9-ddb5-4fa4-a97d-d965ccfc6d4b" outcome="Passed" testListId="8c84fa94-04c1-424b-9868-57a2d4851a1d" relativeResultsDirectory="a9080a53-1b45-45af-8f8c-eee848ad6672" />
    <UnitTestResult executionId="bbfd2ce7-09dc-4580-accb-23ee84187c97" testId="814fc9c2-3cd0-f015-b508-6c4d82014c41" testName="GEditor.Tests.Search.SearchServiceTests.FindAll_EmptyPattern_ReturnsEmpty" computerName="DESKTOP-T96MPDQ" duration="00:00:00.0053703" startTime="2026-04-14T17:04:51.7460104+10:00" endTime="2026-04-14T17:04:51.7460104+10:00" testType="13cdc9d9-ddb5-4fa4-a97d-d965ccfc6d4b" outcome="Passed" testListId="8c84fa94-04c1-424b-9868-57a2d4851a1d" relativeResultsDirectory="bbfd2ce7-09dc-4580-accb-23ee84187c97" />
    <UnitTestResult executionId="b6043221-1bdf-4caf-b941-75161a486b97" testId="e422eef8-479f-cafd-4924-d170b744c6b6" testName="GEditor.Tests.Buffer.EditorBufferTests.GetColumnText_MultipleLines_ReturnsEachLineSelection" computerName="DESKTOP-T96MPDQ" duration="00:00:00.0001536" startTime="2026-04-14T17:04:51.7641053+10:00" endTime="2026-04-14T17:04:51.7641054+10:00" testType="13cdc9d9-ddb5-4fa4-a97d-d965ccfc6d4b" outcome="Passed" testListId="8c84fa94-04c1-424b-9868-57a2d4851a1d" relativeResultsDirectory="b6043221-1bdf-4caf-b941-75161a486b97" />
    <UnitTestResult executionId="8aa83683-8b14-4338-9c2e-7e688721c381" testId="2bcb463f-c26f-0e22-3ca5-3e087fd59055" testName="GEditor.Tests.Syntax.PlainTextHighlighterTests.LanguageName" computerName="DESKTOP-T96MPDQ" duration="00:00:00.0000687" startTime="2026-04-14T17:04:51.7687501+10:00" endTime="2026-04-14T17:04:51.7687501+10:00" testType="13cdc9d9-ddb5-4fa4-a97d-d965ccfc6d4b" outcome="Passed" testListId="8c84fa94-04c1-424b-9868-57a2d4851a1d" relativeResultsDirectory="8aa83683-8b14-4338-9c2e-7e688721c381" />
    <UnitTestResult executionId="d9e72d9b-4a38-4bab-9773-46af9c6b008a" testId="594cb728-fbc6-f147-dda2-666eb5d63bcb" testName="GEditor.Tests.Buffer.EditorBufferTests.GetBufferLength_PlainText_ReturnsCorrectLength(text: &quot;hello\r\nworld&quot;, expected: 11)" computerName="DESKTOP-T96MPDQ" duration="00:00:00.0001744" startTime="2026-04-14T17:04:51.7587034+10:00" endTime="2026-04-14T17:04:51.7587035+10:00" testType="13cdc9d9-ddb5-4fa4-a97d-d965ccfc6d4b" outcome="Passed" testListId="8c84fa94-04c1-424b-9868-57a2d4851a1d" relativeResultsDirectory="d9e72d9b-4a38-4bab-9773-46af9c6b008a" />
    <UnitTestResult executionId="b4b58de7-145e-43a4-9670-9e28f09b9440" testId="0313a115-9b1c-5394-3bce-d5770243df13" testName="GEditor.Tests.Editing.CrlfCommandTests.GetBufferLength_NullText_ReturnsZero" computerName="DESKTOP-T96MPDQ" duration="00:00:00.0000671" startTime="2026-04-14T17:04:51.7641299+10:00" endTime="2026-04-14T17:04:51.7641299+10:00" testType="13cdc9d9-ddb5-4fa4-a97d-d965ccfc6d4b" outcome="Passed" testListId="8c84fa94-04c1-424b-9868-57a2d4851a1d" relativeResultsDirectory="b4b58de7-145e-43a4-9670-9e28f09b9440" />
    <UnitTestResult executionId="4d26a3ae-3190-4c49-8674-36069a3d0040" testId="9cacce20-f42e-d467-174b-7ca5d1dddd4b" testName="GEditor.Tests.Buffer.EditorBufferTests.GetColumnText_SingleLine_ReturnsCorrectText" computerName="DESKTOP-T96MPDQ" duration="00:00:00.0001232" startTime="2026-04-14T17:04:51.7681469+10:00" endTime="2026-04-14T17:04:51.7681470+10:00" testType="13cdc9d9-ddb5-4fa4-a97d-d965ccfc6d4b" outcome="Passed" testListId="8c84fa94-04c1-424b-9868-57a2d4851a1d" relativeResultsDirectory="4d26a3ae-3190-4c49-8674-36069a3d0040" />
    <UnitTestResult executionId="c4433ad9-8775-4d1e-b657-753be632413a" testId="67954a47-fc67-6225-3546-7e9b45e34c80" testName="GEditor.Tests.Documents.DocumentTests.NewDocument_HasEmptyBuffer" computerName="DESKTOP-T96MPDQ" duration="00:00:00.0001716" startTime="2026-04-14T17:04:51.7574334+10:00" endTime="2026-04-14T17:04:51.7574335+10:00" testType="13cdc9d9-ddb5-4fa4-a97d-d965ccfc6d4b" outcome="Passed" testListId="8c84fa94-04c1-424b-9868-57a2d4851a1d" relativeResultsDirectory="c4433ad9-8775-4d1e-b657-753be632413a" />
    <UnitTestResult executionId="f6b1d7cd-2aa0-4581-94e3-e1ecfcad4339" testId="36cb338b-2658-2d3f-a7cf-fba07234b20d" testName="GEditor.Tests.IO.LineEndingDetectorTests.Detect_SingleCr_ReturnsCR" computerName="DESKTOP-T96MPDQ" duration="00:00:00.0000683" startTime="2026-04-14T17:04:51.7587656+10:00" endTime="2026-04-14T17:04:51.7587656+10:00" testType="13cdc9d9-ddb5-4fa4-a97d-d965ccfc6d4b" outcome="Passed" testListId="8c84fa94-04c1-424b-9868-57a2d4851a1d" relativeResultsDirectory="f6b1d7cd-2aa0-4581-94e3-e1ecfcad4339" />
    <UnitTestResult executionId="8aa68434-4020-4187-b426-8b94c9f62876" testId="18d5b9ce-bb7f-2f86-adce-fcf658e597de" testName="GEditor.Tests.Documents.DocumentTests.Changed_Event_FiresOnCommandExecution" computerName="DESKTOP-T96MPDQ" duration="00:00:00.0002010" startTime="2026-04-14T17:04:51.7621398+10:00" endTime="2026-04-14T17:04:51.7621398+10:00" testType="13cdc9d9-ddb5-4fa4-a97d-d965ccfc6d4b" outcome="Passed" testListId="8c84fa94-04c1-424b-9868-57a2d4851a1d" relativeResultsDirectory="8aa68434-4020-4187-b426-8b94c9f62876" />
    <UnitTestResult executionId="1492a633-aa62-4c7d-aa1d-7dce86e4bcd3" testId="5e611670-df05-79ba-0c4e-e0c15cf6d166" testName="GEditor.Tests.Search.SearchServiceTests.FindAll_MatchContainsLineText" computerName="DESKTOP-T96MPDQ" duration="00:00:00.0001563" startTime="2026-04-14T17:04:51.7668858+10:00" endTime="2026-04-14T17:04:51.7668858+10:00" testType="13cdc9d9-ddb5-4fa4-a97d-d965ccfc6d4b" outcome="Passed" testListId="8c84fa94-04c1-424b-9868-57a2d4851a1d" relativeResultsDirectory="1492a633-aa62-4c7d-aa1d-7dce86e4bcd3" />
    <UnitTestResult executionId="5e6cb9e4-37f2-4c86-ad43-793f27237b85" testId="b7b766fe-36f0-45f8-1920-21f7ea862986" testName="GEditor.Tests.Editing.UndoRedoManagerTests.MultipleOperations_UndoRedoSequence" computerName="DESKTOP-T96MPDQ" duration="00:00:00.0001563" startTime="2026-04-14T17:04:51.7619016+10:00" endTime="2026-04-14T17:04:51.7619016+10:00" testType="13cdc9d9-ddb5-4fa4-a97d-d965ccfc6d4b" outcome="Passed" testListId="8c84fa94-04c1-424b-9868-57a2d4851a1d" relativeResultsDirectory="5e6cb9e4-37f2-4c86-ad43-793f27237b85" />
    <UnitTestResult executionId="e6513777-5b96-4555-9a88-8291e95b8e88" testId="fc703968-5782-ec28-377d-9ba02dfab497" testName="GEditor.Tests.Editing.ColumnCommandTests.ColumnDeleteCommand_ShouldSupportUndo" computerName="DESKTOP-T96MPDQ" duration="00:00:00.0003081" startTime="2026-04-14T17:04:51.7690593+10:00" endTime="2026-04-14T17:04:51.7690593+10:00" testType="13cdc9d9-ddb5-4fa4-a97d-d965ccfc6d4b" outcome="Passed" testListId="8c84fa94-04c1-424b-9868-57a2d4851a1d" relativeResultsDirectory="e6513777-5b96-4555-9a88-8291e95b8e88" />
    <UnitTestResult executionId="b68a3d39-9303-4593-a534-bf78ec2b9cca" testId="6882a57c-8680-570f-a7b8-1621f715b82f" testName="GEditor.Tests.Syntax.SyntaxHighlighterRegistryTests.GetByLanguage_EmptyOrNull_ReturnsNull" computerName="DESKTOP-T96MPDQ" duration="00:00:00.0002509" startTime="2026-04-14T17:04:51.7678044+10:00" endTime="2026-04-14T17:04:51.7678045+10:00" testType="13cdc9d9-ddb5-4fa4-a97d-d965ccfc6d4b" outcome="Passed" testListId="8c84fa94-04c1-424b-9868-57a2d4851a1d" relativeResultsDirectory="b68a3d39-9303-4593-a534-bf78ec2b9cca" />
    <UnitTestResult executionId="5d0fe241-0617-49a2-a47c-afa7481c9231" testId="4a097c71-fbc1-9bcd-bf9f-98389d515379" testName="GEditor.Tests.Buffer.EditorBufferTests.Insert_MultiLine_SplitsCorrectly" computerName="DESKTOP-T96MPDQ" duration="00:00:00.0002213" startTime="2026-04-14T17:04:51.7672260+10:00" endTime="2026-04-14T17:04:51.7672261+10:00" testType="13cdc9d9-ddb5-4fa4-a97d-d965ccfc6d4b" outcome="Passed" testListId="8c84fa94-04c1-424b-9868-57a2d4851a1d" relativeResultsDirectory="5d0fe241-0617-49a2-a47c-afa7481c9231" />
    <UnitTestResult executionId="d938d77c-3990-4e98-9ac7-82fc84f84a37" testId="a4f178f9-13dd-17e2-ce10-c80d3726cbb2" testName="GEditor.Tests.IO.EncodingDetectorTests.Detect_Utf16BeBom_ReturnsUtf16Be" computerName="DESKTOP-T96MPDQ" duration="00:00:00.0002287" startTime="2026-04-14T17:04:51.7624203+10:00" endTime="2026-04-14T17:04:51.7624203+10:00" testType="13cdc9d9-ddb5-4fa4-a97d-d965ccfc6d4b" outcome="Passed" testListId="8c84fa94-04c1-424b-9868-57a2d4851a1d" relativeResultsDirectory="d938d77c-3990-4e98-9ac7-82fc84f84a37" />
    <UnitTestResult executionId="41847146-1f17-4ab4-a1ff-f2867747e704" testId="dafa212d-221e-6e6c-d3f4-772eaa0df46b" testName="GEditor.Tests.Syntax.PlainTextHighlighterTests.HighlightLine_EmptyLine_ReturnsEmpty" computerName="DESKTOP-T96MPDQ" duration="00:00:00.0001877" startTime="2026-04-14T17:04:51.7687134+10:00" endTime="2026-04-14T17:04:51.7687134+10:00" testType="13cdc9d9-ddb5-4fa4-a97d-d965ccfc6d4b" outcome="Passed" testListId="8c84fa94-04c1-424b-9868-57a2d4851a1d" relativeResultsDirectory="41847146-1f17-4ab4-a1ff-f2867747e704" />
    <UnitTestResult executionId="3a494cfa-bffe-45e3-b60d-62599e8b5197" testId="188a877e-3063-142c-2781-cd8b8bab8493" testName="GEditor.Tests.Syntax.SyntaxHighlighterRegistryTests.GetByExtension_CaseInsensitive" computerName="DESKTOP-T96MPDQ" duration="00:00:00.0001466" startTime="2026-04-14T17:04:51.7682587+10:00" endTime="2026-04-14T17:04:51.7682588+10:00" testType="13cdc9d9-ddb5-4fa4-a97d-d965ccfc6d4b" outcome="Passed" testListId="8c84fa94-04c1-424b-9868-57a2d4851a1d" relativeResultsDirectory="3a494cfa-bffe-45e3-b60d-62599e8b5197" />
    <UnitTestResult executionId="41e6a596-c019-4d51-b16a-a94d53d76251" testId="21294f35-cfc2-b9e4-bdd7-cc2fb7fc17bf" testName="GEditor.Tests.Buffer.EditorBufferTests.Insert_SingleLine_InsertsCorrectly" computerName="DESKTOP-T96MPDQ" duration="00:00:00.0001164" startTime="2026-04-14T17:04:51.7625939+10:00" endTime="2026-04-14T17:04:51.7625939+10:00" testType="13cdc9d9-ddb5-4fa4-a97d-d965ccfc6d4b" outcome="Passed" testListId="8c84fa94-04c1-424b-9868-57a2d4851a1d" relativeResultsDirectory="41e6a596-c019-4d51-b16a-a94d53d76251" />
    <UnitTestResult executionId="283d4ddd-d15c-477d-949f-bfd8934a7d40" testId="160f853d-e5b2-19ff-eff5-d4833be70b0e" testName="GEditor.Tests.IO.TextFileServiceTests.Save_PreservesContent" computerName="DESKTOP-T96MPDQ" duration="00:00:00.0026943" startTime="2026-04-14T17:04:51.7707958+10:00" endTime="2026-04-14T17:04:51.7707958+10:00" testType="13cdc9d9-ddb5-4fa4-a97d-d965ccfc6d4b" outcome="Passed" testListId="8c84fa94-04c1-424b-9868-57a2d4851a1d" relativeResultsDirectory="283d4ddd-d15c-477d-949f-bfd8934a7d40" />
    <UnitTestResult executionId="7159de3c-0f68-4a27-881f-5ea55a2505b8" testId="38d2cf59-1308-9763-6a84-b8f09cb499e9" testName="GEditor.Tests.IO.EncodingDetectorTests.Detect_Utf16LeBom_ReturnsUtf16Le" computerName="DESKTOP-T96MPDQ" duration="00:00:00.0016397" startTime="2026-04-14T17:04:51.7621140+10:00" endTime="2026-04-14T17:04:51.7621140+10:00" testType="13cdc9d9-ddb5-4fa4-a97d-d965ccfc6d4b" outcome="Passed" testListId="8c84fa94-04c1-424b-9868-57a2d4851a1d" relativeResultsDirectory="7159de3c-0f68-4a27-881f-5ea55a2505b8" />
    <UnitTestResult executionId="fb0d9a18-58ea-453a-9f42-000032e25064" testId="218f7568-f1d0-cd73-4b0e-6d2293bd9238" testName="GEditor.Tests.IO.TextFileServiceTests.SaveAs_UpdatesFilePath" computerName="DESKTOP-T96MPDQ" duration="00:00:00.0015972" startTime="2026-04-14T17:04:51.7769786+10:00" endTime="2026-04-14T17:04:51.7769788+10:00" testType="13cdc9d9-ddb5-4fa4-a97d-d965ccfc6d4b" outcome="Passed" testListId="8c84fa94-04c1-424b-9868-57a2d4851a1d" relativeResultsDirectory="fb0d9a18-58ea-453a-9f42-000032e25064" />
    <UnitTestResult executionId="0d62c563-5e43-4331-b494-67608ca61868" testId="f608ff79-a9ff-6434-5685-6165c8e205e4" testName="GEditor.Tests.Selection.ColumnSelectionTests.GetLineRanges_WhenAllLinesShorterThanStartCol_ShouldReturnEmptyRanges" computerName="DESKTOP-T96MPDQ" duration="00:00:00.0013747" startTime="2026-04-14T17:04:51.7626179+10:00" endTime="2026-04-14T17:04:51.7626180+10:00" testType="13cdc9d9-ddb5-4fa4-a97d-d965ccfc6d4b" outcome="Passed" testListId="8c84fa94-04c1-424b-9868-57a2d4851a1d" relativeResultsDirectory="0d62c563-5e43-4331-b494-67608ca61868" />
    <UnitTestResult executionId="66d99bf4-bbfb-4c4c-bf07-b07ed0a1437c" testId="16388aab-228b-638d-b5a8-ebbd7b9e50a6" testName="GEditor.Tests.Editing.CrlfCommandTests.InsertTextCommand_InsertCrlf_ThenUndo" computerName="DESKTOP-T96MPDQ" duration="00:00:00.0002605" startTime="2026-04-14T17:04:51.7630086+10:00" endTime="2026-04-14T17:04:51.7630086+10:00" testType="13cdc9d9-ddb5-4fa4-a97d-d965ccfc6d4b" outcome="Passed" testListId="8c84fa94-04c1-424b-9868-57a2d4851a1d" relativeResultsDirectory="66d99bf4-bbfb-4c4c-bf07-b07ed0a1437c" />
    <UnitTestResult executionId="86210141-81b8-404e-a5b4-a95c26754468" testId="f9baa4ca-d2f2-3af2-10fe-1044ddfacd48" testName="GEditor.Tests.Editing.CrlfCommandTests.GetBufferLength_ReturnsCorrectLength(text: &quot;hello\r\nworld&quot;, expected: 11)" computerName="DESKTOP-T96MPDQ" duration="00:00:00.0000027" startTime="2026-04-14T17:04:51.7633703+10:00" endTime="2026-04-14T17:04:51.7633703+10:00" testType="13cdc9d9-ddb5-4fa4-a97d-d965ccfc6d4b" outcome="Passed" testListId="8c84fa94-04c1-424b-9868-57a2d4851a1d" relativeResultsDirectory="86210141-81b8-404e-a5b4-a95c26754468" />
    <UnitTestResult executionId="09c1ea4a-2e6b-4e3d-b974-0cd6365dd3b4" testId="a1bcd445-15e0-7ffc-fd67-05023f75c15c" testName="GEditor.Tests.IO.EncodingDetectorTests.Detect_EmptyBytes_ReturnsDefaultUtf8" computerName="DESKTOP-T96MPDQ" duration="00:00:00.0000937" startTime="2026-04-14T17:04:51.7573354+10:00" endTime="2026-04-14T17:04:51.7573354+10:00" testType="13cdc9d9-ddb5-4fa4-a97d-d965ccfc6d4b" outcome="Passed" testListId="8c84fa94-04c1-424b-9868-57a2d4851a1d" relativeResultsDirectory="09c1ea4a-2e6b-4e3d-b974-0cd6365dd3b4" />
    <UnitTestResult executionId="61f8cb1e-9b93-45a1-8f12-281ba3079c15" testId="b890f1be-859c-a6f4-7c26-e7f8eae80efa" testName="GEditor.Tests.Editing.CrlfCommandTests.GetBufferLength_ReturnsCorrectLength(text: &quot;a\r\nb\r\nc&quot;, expected: 5)" computerName="DESKTOP-T96MPDQ" duration="00:00:00.0000024" startTime="2026-04-14T17:04:51.7632933+10:00" endTime="2026-04-14T17:04:51.7632933+10:00" testType="13cdc9d9-ddb5-4fa4-a97d-d965ccfc6d4b" outcome="Passed" testListId="8c84fa94-04c1-424b-9868-57a2d4851a1d" relativeResultsDirectory="61f8cb1e-9b93-45a1-8f12-281ba3079c15" />
    <UnitTestResult executionId="3dc72889-1a85-4b2d-920a-1327849faae0" testId="b409563e-cb6d-3bcf-d495-8010edf83b8a" testName="GEditor.Tests.Search.SearchServiceTests.FindAll_CaseInsensitive_FindsAll" computerName="DESKTOP-T96MPDQ" duration="00:00:00.0001265" startTime="2026-04-14T17:04:51.7658514+10:00" endTime="2026-04-14T17:04:51.7658514+10:00" testType="13cdc9d9-ddb5-4fa4-a97d-d965ccfc6d4b" outcome="Passed" testListId="8c84fa94-04c1-424b-9868-57a2d4851a1d" relativeResultsDirectory="3dc72889-1a85-4b2d-920a-1327849faae0" />
    <UnitTestResult executionId="acbf8a80-440a-452d-b225-920430cb5eec" testId="06d65b55-b280-f20b-9450-4644da91c6d8" testName="GEditor.Tests.IO.LineEndingDetectorTests.Detect_SingleLf_ReturnsLF" computerName="DESKTOP-T96MPDQ" duration="00:00:00.0000708" startTime="2026-04-14T17:04:51.7605174+10:00" endTime="2026-04-14T17:04:51.7605174+10:00" testType="13cdc9d9-ddb5-4fa4-a97d-d965ccfc6d4b" outcome="Passed" testListId="8c84fa94-04c1-424b-9868-57a2d4851a1d" relativeResultsDirectory="acbf8a80-440a-452d-b225-920430cb5eec" />
    <UnitTestResult executionId="93005112-d43b-412a-83c6-158448d58fed" testId="93f1366f-16ef-12a6-997d-8838b8a1addb" testName="GEditor.Tests.Buffer.EditorBufferTests.GetLineLength_ReturnsCorrectLength" computerName="DESKTOP-T96MPDQ" duration="00:00:00.0002986" startTime="2026-04-14T17:04:51.7677264+10:00" endTime="2026-04-14T17:04:51.7677264+10:00" testType="13cdc9d9-ddb5-4fa4-a97d-d965ccfc6d4b" outcome="Passed" testListId="8c84fa94-04c1-424b-9868-57a2d4851a1d" relativeResultsDirectory="93005112-d43b-412a-83c6-158448d58fed" />
    <UnitTestResult executionId="d2c8eeda-022d-460e-bcb9-dac454bd1cbe" testId="6d59ac95-a849-5bd7-f28b-57ddd71a566d" testName="GEditor.Tests.IO.TextFileServiceTests.SaveAs_WithDifferentEncoding_SavesInNewEncoding" computerName="DESKTOP-T96MPDQ" duration="00:00:00.0043569" startTime="2026-04-14T17:04:51.7947522+10:00" endTime="2026-04-14T17:04:51.7947522+10:00" testType="13cdc9d9-ddb5-4fa4-a97d-d965ccfc6d4b" outcome="Failed" testListId="8c84fa94-04c1-424b-9868-57a2d4851a1d" relativeResultsDirectory="d2c8eeda-022d-460e-bcb9-dac454bd1cbe">
      <Output>
        <ErrorInfo>
          <Message>Assert.Equal() Failure: Strings differ&#xD;
           ↓ (pos 0)&#xD;
Expected: "hello world"&#xD;
Actual:   "﻿hello world"&#xD;
           ↑ (pos 0)</Message>
          <StackTrace>   at GEditor.Tests.IO.TextFileServiceTests.SaveAs_WithDifferentEncoding_SavesInNewEncoding() in E:\gshou\OneDrive\Documents\Python工具\G-editor\tests\GEditor.Tests\IO\TextFileServiceTests.cs:line 112&#xD;
   at System.RuntimeMethodHandle.InvokeMethod(Object target, Void** arguments, Signature sig, Boolean isConstructor)&#xD;
   at System.Reflection.MethodBaseInvoker.InvokeWithNoArgs(Object obj, BindingFlags invokeAttr)</StackTrace>
        </ErrorInfo>
      </Output>
    </UnitTestResult>
    <UnitTestResult executionId="4592f5a2-b4e9-4e13-b9de-c0b7fc665009" testId="3265a229-d320-fd99-6db6-f0c34299a930" testName="GEditor.Tests.Selection.ColumnSelectionTests.LineCount_ShouldReturnCorrectCount" computerName="DESKTOP-T96MPDQ" duration="00:00:00.0001102" startTime="2026-04-14T17:04:51.7604826+10:00" endTime="2026-04-14T17:04:51.7604826+10:00" testType="13cdc9d9-ddb5-4fa4-a97d-d965ccfc6d4b" outcome="Passed" testListId="8c84fa94-04c1-424b-9868-57a2d4851a1d" relativeResultsDirectory="4592f5a2-b4e9-4e13-b9de-c0b7fc665009" />
    <UnitTestResult executionId="75b52b60-a6a7-47fb-9544-3ddb47e65339" testId="69a10964-3f23-bdcd-8a58-0e89a1ca191b" testName="GEditor.Tests.IO.LineEndingDetectorTests.Detect_NullString_ReturnsUnknown" computerName="DESKTOP-T96MPDQ" duration="00:00:00.0000779" startTime="2026-04-14T17:04:51.7610219+10:00" endTime="2026-04-14T17:04:51.7610220+10:00" testType="13cdc9d9-ddb5-4fa4-a97d-d965ccfc6d4b" outcome="Passed" testListId="8c84fa94-04c1-424b-9868-57a2d4851a1d" relativeResultsDirectory="75b52b60-a6a7-47fb-9544-3ddb47e65339" />
    <UnitTestResult executionId="454f0575-7b47-464a-9ac9-b520ead5e439" testId="3a117ec5-ba36-3205-d091-90f4f2f82b0b" testName="GEditor.Tests.Buffer.EditorBufferTests.InsertAtColumns_EmptyText_DoesNothing" computerName="DESKTOP-T96MPDQ" duration="00:00:00.0006451" startTime="2026-04-14T17:04:51.7622162+10:00" endTime="2026-04-14T17:04:51.7622163+10:00" testType="13cdc9d9-ddb5-4fa4-a97d-d965ccfc6d4b" outcome="Passed" testListId="8c84fa94-04c1-424b-9868-57a2d4851a1d" relativeResultsDirectory="454f0575-7b47-464a-9ac9-b520ead5e439" />
    <UnitTestResult executionId="f618e12b-7f5a-4a71-9ba3-dc4feadd9feb" testId="14068f75-12b3-aff1-7f6e-69f89c4a9442" testName="GEditor.Tests.Search.SearchServiceTests.FindAll_WholeWord_NoMatchForSubstring" computerName="DESKTOP-T96MPDQ" duration="00:00:00.0001085" startTime="2026-04-14T17:04:51.7657680+10:00" endTime="2026-04-14T17:04:51.7657681+10:00" testType="13cdc9d9-ddb5-4fa4-a97d-d965ccfc6d4b" outcome="Passed" testListId="8c84fa94-04c1-424b-9868-57a2d4851a1d" relativeResultsDirectory="f618e12b-7f5a-4a71-9ba3-dc4feadd9feb" />
    <UnitTestResult executionId="e0be80e5-6bb8-4fa9-a139-1a04f9031921" testId="32db129e-435e-084f-1efb-53e329290df3" testName="GEditor.Tests.Editing.CrlfCommandTests.GetBufferLength_ReturnsCorrectLength(text: &quot;\r\n&quot;, expected: 1)" computerName="DESKTOP-T96MPDQ" duration="00:00:00.0000649" startTime="2026-04-14T17:04:51.7630333+10:00" endTime="2026-04-14T17:04:51.7630333+10:00" testType="13cdc9d9-ddb5-4fa4-a97d-d965ccfc6d4b" outcome="Passed" testListId="8c84fa94-04c1-424b-9868-57a2d4851a1d" relativeResultsDirectory="e0be80e5-6bb8-4fa9-a139-1a04f9031921" />
    <UnitTestResult executionId="263d81c2-df17-4eca-a5f2-0caeb5c1da63" testId="0b733d55-7b23-77ca-78a3-d9afedbffefb" testName="GEditor.Tests.Syntax.CSharpHighlighterTests.HighlightLine_PlainText_IsNone" computerName="DESKTOP-T96MPDQ" duration="00:00:00.0002229" startTime="2026-04-14T17:04:51.7786240+10:00" endTime="2026-04-14T17:04:51.7786241+10:00" testType="13cdc9d9-ddb5-4fa4-a97d-d965ccfc6d4b" outcome="Passed" testListId="8c84fa94-04c1-424b-9868-57a2d4851a1d" relativeResultsDirectory="263d81c2-df17-4eca-a5f2-0caeb5c1da63" />
    <UnitTestResult executionId="2846e838-ceeb-44d7-9388-becd338ce63a" testId="0fba7ee5-f9d8-7954-2798-28a99acb7b6a" testName="GEditor.Tests.Syntax.JsonHighlighterTests.HighlightLine_Boolean" computerName="DESKTOP-T96MPDQ" duration="00:00:00.0001827" startTime="2026-04-14T17:04:51.7707398+10:00" endTime="2026-04-14T17:04:51.7707399+10:00" testType="13cdc9d9-ddb5-4fa4-a97d-d965ccfc6d4b" outcome="Passed" testListId="8c84fa94-04c1-424b-9868-57a2d4851a1d" relativeResultsDirectory="2846e838-ceeb-44d7-9388-becd338ce63a" />
    <UnitTestResult executionId="13bbf857-c7e2-4d55-b925-0f8b603448bd" testId="ce90e4db-08bf-0450-c631-145b770590fa" testName="GEditor.Tests.Search.SearchServiceTests.FindAll_SameLineMultipleMatches" computerName="DESKTOP-T96MPDQ" duration="00:00:00.0024625" startTime="2026-04-14T17:04:51.7636880+10:00" endTime="2026-04-14T17:04:51.7636880+10:00" testType="13cdc9d9-ddb5-4fa4-a97d-d965ccfc6d4b" outcome="Passed" testListId="8c84fa94-04c1-424b-9868-57a2d4851a1d" relativeResultsDirectory="13bbf857-c7e2-4d55-b925-0f8b603448bd" />
    <UnitTestResult executionId="29379d33-7825-487d-ac39-28317bb71e4c" testId="5d21152c-691e-1535-e8f1-4fecf05a0807" testName="GEditor.Tests.Editing.ColumnEditModeTests.DeleteAtColumns_ShouldDeleteMultipleColumnRanges" computerName="DESKTOP-T96MPDQ" duration="00:00:00.0002104" startTime="2026-04-14T17:04:51.7645777+10:00" endTime="2026-04-14T17:04:51.7645777+10:00" testType="13cdc9d9-ddb5-4fa4-a97d-d965ccfc6d4b" outcome="Passed" testListId="8c84fa94-04c1-424b-9868-57a2d4851a1d" relativeResultsDirectory="29379d33-7825-487d-ac39-28317bb71e4c" />
    <UnitTestResult executionId="7f9cc039-2b2f-47b6-9ea3-d1ff5db99841" testId="bda20f07-f5f2-d95f-c30d-4309018d7760" testName="GEditor.Tests.Editing.CrlfCommandTests.GetBufferLength_ReturnsCorrectLength(text: &quot;a\nb\nc&quot;, expected: 5)" computerName="DESKTOP-T96MPDQ" duration="00:00:00.0000048" startTime="2026-04-14T17:04:51.7632536+10:00" endTime="2026-04-14T17:04:51.7632536+10:00" testType="13cdc9d9-ddb5-4fa4-a97d-d965ccfc6d4b" outcome="Passed" testListId="8c84fa94-04c1-424b-9868-57a2d4851a1d" relativeResultsDirectory="7f9cc039-2b2f-47b6-9ea3-d1ff5db99841" />
    <UnitTestResult executionId="7605712d-7175-4ab2-bbe3-3e426df6de5a" testId="aa2db5c0-e503-79c2-0336-055c0868732f" testName="GEditor.Tests.Buffer.EditorBufferTests.GetBufferLength_PlainText_ReturnsCorrectLength(text: &quot;line1\r\nline2\r\nline3&quot;, expected: 17)" computerName="DESKTOP-T96MPDQ" duration="00:00:00.0000026" startTime="2026-04-14T17:04:51.7592501+10:00" endTime="2026-04-14T17:04:51.7592501+10:00" testType="13cdc9d9-ddb5-4fa4-a97d-d965ccfc6d4b" outcome="Passed" testListId="8c84fa94-04c1-424b-9868-57a2d4851a1d" relativeResultsDirectory="7605712d-7175-4ab2-bbe3-3e426df6de5a" />
    <UnitTestResult executionId="d0cf4964-ee8f-4342-992f-a19987f2bdce" testId="6d05e7d3-acca-be3a-ef9e-575610ce7d21" testName="GEditor.Tests.Editing.ColumnCommandTests.ColumnInsertCommand_ShouldInsertAtSpecificColumns" computerName="DESKTOP-T96MPDQ" duration="00:00:00.0002089" startTime="2026-04-14T17:04:51.7691334+10:00" endTime="2026-04-14T17:04:51.7691334+10:00" testType="13cdc9d9-ddb5-4fa4-a97d-d965ccfc6d4b" outcome="Passed" testListId="8c84fa94-04c1-424b-9868-57a2d4851a1d" relativeResultsDirectory="d0cf4964-ee8f-4342-992f-a19987f2bdce" />
    <UnitTestResult executionId="57553ad1-81b7-4c21-ae5b-55b83ddab002" testId="08d4696f-6fcd-adb1-6f94-b354592d6645" testName="GEditor.Tests.Editing.CrlfCommandTests.ReplaceTextCommand_SingleLine_ExecuteUndoRedo" computerName="DESKTOP-T96MPDQ" duration="00:00:00.0005208" startTime="2026-04-14T17:04:51.7640032+10:00" endTime="2026-04-14T17:04:51.7640032+10:00" testType="13cdc9d9-ddb5-4fa4-a97d-d965ccfc6d4b" outcome="Passed" testListId="8c84fa94-04c1-424b-9868-57a2d4851a1d" relativeResultsDirectory="57553ad1-81b7-4c21-ae5b-55b83ddab002" />
    <UnitTestResult executionId="aa008d56-67a0-48c6-a6b9-9fd047c9b1d5" testId="0f87bd9a-3504-e28f-d7ff-0a13d8302591" testName="GEditor.Tests.Buffer.EditorBufferTests.GetBufferLength_PlainText_ReturnsCorrectLength(text: &quot;a\r\nb\r\nc&quot;, expected: 5)" computerName="DESKTOP-T96MPDQ" duration="00:00:00.0000020" startTime="2026-04-14T17:04:51.7592808+10:00" endTime="2026-04-14T17:04:51.7592809+10:00" testType="13cdc9d9-ddb5-4fa4-a97d-d965ccfc6d4b" outcome="Passed" testListId="8c84fa94-04c1-424b-9868-57a2d4851a1d" relativeResultsDirectory="aa008d56-67a0-48c6-a6b9-9fd047c9b1d5" />
    <UnitTestResult executionId="597c248e-3182-43f4-8547-612b2e3d5d31" testId="710651b5-a6dc-0c70-1c87-4d2889ec3ceb" testName="GEditor.Tests.Editing.CrlfCommandTests.GetBufferLength_ReturnsCorrectLength(text: &quot;a\rb\rc&quot;, expected: 5)" computerName="DESKTOP-T96MPDQ" duration="00:00:00.0001555" startTime="2026-04-14T17:04:51.7632315+10:00" endTime="2026-04-14T17:04:51.7632315+10:00" testType="13cdc9d9-ddb5-4fa4-a97d-d965ccfc6d4b" outcome="Passed" testListId="8c84fa94-04c1-424b-9868-57a2d4851a1d" relativeResultsDirectory="597c248e-3182-43f4-8547-612b2e3d5d31" />
    <UnitTestResult executionId="1345c9a4-f6dd-4505-8722-9ed301de4ac6" testId="a7b2246f-5e8c-20b4-5e91-8840bd242ede" testName="GEditor.Tests.Management.DocumentManagerTests.Close_LastDocument_ActiveBecomesNull" computerName="DESKTOP-T96MPDQ" duration="00:00:00.0000742" startTime="2026-04-14T17:04:51.7823783+10:00" endTime="2026-04-14T17:04:51.7823783+10:00" testType="13cdc9d9-ddb5-4fa4-a97d-d965ccfc6d4b" outcome="Passed" testListId="8c84fa94-04c1-424b-9868-57a2d4851a1d" relativeResultsDirectory="1345c9a4-f6dd-4505-8722-9ed301de4ac6" />
    <UnitTestResult executionId="3d85d572-3da7-469e-a7e4-071dc6226147" testId="f0860aae-1417-0459-21b5-11021f785537" testName="GEditor.Tests.Buffer.EditorBufferTests.GetAllText_JoinsWithLineEnding" computerName="DESKTOP-T96MPDQ" duration="00:00:00.0041729" startTime="2026-04-14T17:04:51.7463858+10:00" endTime="2026-04-14T17:04:51.7463858+10:00" testType="13cdc9d9-ddb5-4fa4-a97d-d965ccfc6d4b" outcome="Passed" testListId="8c84fa94-04c1-424b-9868-57a2d4851a1d" relativeResultsDirectory="3d85d572-3da7-469e-a7e4-071dc6226147" />
    <UnitTestResult executionId="e158cee3-b081-4492-b442-b72f574716dc" testId="a766f151-6cbe-8f5f-063d-9715d75d14fa" testName="GEditor.Tests.Documents.DocumentTests.NewDocument_IsNewAndUntitled" computerName="DESKTOP-T96MPDQ" duration="00:00:00.0001996" startTime="2026-04-14T17:04:51.7599272+10:00" endTime="2026-04-14T17:04:51.7599273+10:00" testType="13cdc9d9-ddb5-4fa4-a97d-d965ccfc6d4b" outcome="Passed" testListId="8c84fa94-04c1-424b-9868-57a2d4851a1d" relativeResultsDirectory="e158cee3-b081-4492-b442-b72f574716dc" />
    <UnitTestResult executionId="800e7ffa-067c-460a-b5e4-9b9f9d8c8677" testId="0279a797-63a9-fc57-72a3-d7fa664e00cf" testName="GEditor.Tests.Syntax.JsonHighlighterTests.SupportedExtensions" computerName="DESKTOP-T96MPDQ" duration="00:00:00.0001044" startTime="2026-04-14T17:04:51.7704389+10:00" endTime="2026-04-14T17:04:51.7704390+10:00" testType="13cdc9d9-ddb5-4fa4-a97d-d965ccfc6d4b" outcome="Passed" testListId="8c84fa94-04c1-424b-9868-57a2d4851a1d" relativeResultsDirectory="800e7ffa-067c-460a-b5e4-9b9f9d8c8677" />
    <UnitTestResult executionId="32240d78-f879-4892-aba7-5ea364ed79be" testId="f1c594d7-1f03-c350-2f7c-b3e8f1f2c598" testName="GEditor.Tests.Editing.UndoRedoManagerTests.Execute_NewAfterUndo_ClearsRedoStack" computerName="DESKTOP-T96MPDQ" duration="00:00:00.0001715" startTime="2026-04-14T17:04:51.7614792+10:00" endTime="2026-04-14T17:04:51.7614793+10:00" testType="13cdc9d9-ddb5-4fa4-a97d-d965ccfc6d4b" outcome="Passed" testListId="8c84fa94-04c1-424b-9868-57a2d4851a1d" relativeResultsDirectory="32240d78-f879-4892-aba7-5ea364ed79be" />
    <UnitTestResult executionId="80ae98e4-8f88-4e19-8aaa-406bda077fd6" testId="3f3ef2e4-89a3-4e55-af12-958019ed371a" testName="GEditor.Tests.IO.TextFileServiceTests.Open_Utf8File_ReadsCorrectly" computerName="DESKTOP-T96MPDQ" duration="00:00:00.0025274" startTime="2026-04-14T17:04:51.7693952+10:00" endTime="2026-04-14T17:04:51.7693953+10:00" testType="13cdc9d9-ddb5-4fa4-a97d-d965ccfc6d4b" outcome="Passed" testListId="8c84fa94-04c1-424b-9868-57a2d4851a1d" relativeResultsDirectory="80ae98e4-8f88-4e19-8aaa-406bda077fd6" />
    <UnitTestResult executionId="95237edf-3156-49df-b4bb-ab28321ef5a1" testId="ec327a6a-6851-4f17-6ef1-e1fb85728c33" testName="GEditor.Tests.Editing.CrlfCommandTests.GetBufferLength_ReturnsCorrectLength(text: &quot;hello&quot;, expected: 5)" computerName="DESKTOP-T96MPDQ" duration="00:00:00.0000022" startTime="2026-04-14T17:04:51.7633324+10:00" endTime="2026-04-14T17:04:51.7633324+10:00" testType="13cdc9d9-ddb5-4fa4-a97d-d965ccfc6d4b" outcome="Passed" testListId="8c84fa94-04c1-424b-9868-57a2d4851a1d" relativeResultsDirectory="95237edf-3156-49df-b4bb-ab28321ef5a1" />
    <UnitTestResult executionId="60f72138-24ef-4238-80dd-00819a68472e" testId="067b2d68-389a-082c-7d69-b75c0830b9e4" testName="GEditor.Tests.Buffer.EditorBufferTests.GetBufferLength_NullText_ReturnsZero" computerName="DESKTOP-T96MPDQ" duration="00:00:00.0000667" startTime="2026-04-14T17:04:51.7625451+10:00" endTime="2026-04-14T17:04:51.7625452+10:00" testType="13cdc9d9-ddb5-4fa4-a97d-d965ccfc6d4b" outcome="Passed" testListId="8c84fa94-04c1-424b-9868-57a2d4851a1d" relativeResultsDirectory="60f72138-24ef-4238-80dd-00819a68472e" />
    <UnitTestResult executionId="a38b52a4-b151-49ab-9db2-f7c0aefb12be" testId="c8e6e02f-7fb2-e441-acd5-6ee2fccd9d21" testName="GEditor.Tests.Editing.CrlfCommandTests.GetBufferLength_ReturnsCorrectLength(text: &quot;mixed\r\nlf\ncr\r&quot;, expected: 12)" computerName="DESKTOP-T96MPDQ" duration="00:00:00.0000023" startTime="2026-04-14T17:04:51.7633514+10:00" endTime="2026-04-14T17:04:51.7633515+10:00" testType="13cdc9d9-ddb5-4fa4-a97d-d965ccfc6d4b" outcome="Passed" testListId="8c84fa94-04c1-424b-9868-57a2d4851a1d" relativeResultsDirectory="a38b52a4-b151-49ab-9db2-f7c0aefb12be" />
    <UnitTestResult executionId="24428535-7f2f-4efa-8df9-185ee8bd28dd" testId="e8696496-d1ab-23f2-3be3-22af64edd3a4" testName="GEditor.Tests.Syntax.SyntaxHighlighterRegistryTests.Register_SameExtensionTwice_LastWins" computerName="DESKTOP-T96MPDQ" duration="00:00:00.0001106" startTime="2026-04-14T17:04:51.7686063+10:00" endTime="2026-04-14T17:04:51.7686064+10:00" testType="13cdc9d9-ddb5-4fa4-a97d-d965ccfc6d4b" outcome="Passed" testListId="8c84fa94-04c1-424b-9868-57a2d4851a1d" relativeResultsDirectory="24428535-7f2f-4efa-8df9-185ee8bd28dd" />
    <UnitTestResult executionId="4756c98f-c8f1-4349-beb1-b5abe026fd0a" testId="de90026c-a891-64a1-30b8-d73347d15b90" testName="GEditor.Tests.Buffer.EditorBufferTests.GetColumnText_ReversedCoordinates_WorksViaNormalized" computerName="DESKTOP-T96MPDQ" duration="00:00:00.0001419" startTime="2026-04-14T17:04:51.7672798+10:00" endTime="2026-04-14T17:04:51.7672799+10:00" testType="13cdc9d9-ddb5-4fa4-a97d-d965ccfc6d4b" outcome="Passed" testListId="8c84fa94-04c1-424b-9868-57a2d4851a1d" relativeResultsDirectory="4756c98f-c8f1-4349-beb1-b5abe026fd0a" />
    <UnitTestResult executionId="47e2ce8e-7784-44f2-8fbc-2441b6f71954" testId="db3ea788-3f19-1427-32a8-509dfba1d674" testName="GEditor.Tests.Selection.ColumnSelectionTests.Normalized_ShouldReorderCoordinates" computerName="DESKTOP-T96MPDQ" duration="00:00:00.0001066" startTime="2026-04-14T17:04:51.7629460+10:00" endTime="2026-04-14T17:04:51.7629460+10:00" testType="13cdc9d9-ddb5-4fa4-a97d-d965ccfc6d4b" outcome="Passed" testListId="8c84fa94-04c1-424b-9868-57a2d4851a1d" relativeResultsDirectory="47e2ce8e-7784-44f2-8fbc-2441b6f71954" />
    <UnitTestResult executionId="dccc394b-7b65-4d37-ac2f-3ee9d6fe51ef" testId="6c8bd24d-d0c9-cf66-267f-a1ede5dc040d" testName="GEditor.Tests.Syntax.CSharpHighlighterTests.HighlightLine_StringLiteral" computerName="DESKTOP-T96MPDQ" duration="00:00:00.0012313" startTime="2026-04-14T17:04:51.7818784+10:00" endTime="2026-04-14T17:04:51.7818785+10:00" testType="13cdc9d9-ddb5-4fa4-a97d-d965ccfc6d4b" outcome="Passed" testListId="8c84fa94-04c1-424b-9868-57a2d4851a1d" relativeResultsDirectory="dccc394b-7b65-4d37-ac2f-3ee9d6fe51ef" />
    <UnitTestResult executionId="a7fac209-52fe-43af-9c0e-3fd362a0c24d" testId="4405dd36-2989-ba38-93b9-427ef8c50af6" testName="GEditor.Tests.Editing.ColumnEditModeTests.InsertAtColumns_ShouldHandleEmptyText" computerName="DESKTOP-T96MPDQ" duration="00:00:00.0001880" startTime="2026-04-14T17:04:51.7650997+10:00" endTime="2026-04-14T17:04:51.7650998+10:00" testType="13cdc9d9-ddb5-4fa4-a97d-d965ccfc6d4b" outcome="Passed" testListId="8c84fa94-04c1-424b-9868-57a2d4851a1d" relativeResultsDirectory="a7fac209-52fe-43af-9c0e-3fd362a0c24d" />
    <UnitTestResult executionId="c3399ec8-9b79-4b4b-990e-70c3908be8fc" testId="0791a008-4791-0c3b-8fbd-eebbec4b0d3f" testName="GEditor.Tests.Search.SearchServiceTests.FindAll_NoMatch_ReturnsEmpty" computerName="DESKTOP-T96MPDQ" duration="00:00:00.0001221" startTime="2026-04-14T17:04:51.7637152+10:00" endTime="2026-04-14T17:04:51.7637152+10:00" testType="13cdc9d9-ddb5-4fa4-a97d-d965ccfc6d4b" outcome="Passed" testListId="8c84fa94-04c1-424b-9868-57a2d4851a1d" relativeResultsDirectory="c3399ec8-9b79-4b4b-990e-70c3908be8fc" />
    <UnitTestResult executionId="f1f09e1b-f757-4597-b6fb-4ef1e7b14cc0" testId="7b013480-2442-e156-f68e-26f92c10c6d8" testName="GEditor.Tests.Syntax.RegexBasedHighlighterTests.HighlightLine_TokensCoverFullLine" computerName="DESKTOP-T96MPDQ" duration="00:00:00.0020327" startTime="2026-04-14T17:04:51.7687376+10:00" endTime="2026-04-14T17:04:51.7687377+10:00" testType="13cdc9d9-ddb5-4fa4-a97d-d965ccfc6d4b" outcome="Passed" testListId="8c84fa94-04c1-424b-9868-57a2d4851a1d" relativeResultsDirectory="f1f09e1b-f757-4597-b6fb-4ef1e7b14cc0" />
    <UnitTestResult executionId="1c6e661e-9c34-42a0-907a-4eba0c2408dd" testId="b0a5779a-6452-e737-1a9e-f8bf66ffa575" testName="GEditor.Tests.Syntax.XmlHighlighterTests.HighlightLine_OpenTag" computerName="DESKTOP-T96MPDQ" duration="00:00:00.0124604" startTime="2026-04-14T17:04:51.7691083+10:00" endTime="2026-04-14T17:04:51.7691083+10:00" testType="13cdc9d9-ddb5-4fa4-a97d-d965ccfc6d4b" outcome="Passed" testListId="8c84fa94-04c1-424b-9868-57a2d4851a1d" relativeResultsDirectory="1c6e661e-9c34-42a0-907a-4eba0c2408dd" />
    <UnitTestResult executionId="0ed247cb-e2cd-4f09-99af-a19d62e80441" testId="5cc3ee02-6019-902a-b443-668fce4182ce" testName="GEditor.Tests.Syntax.JsonHighlighterTests.HighlightLine_StringKeyAndValue" computerName="DESKTOP-T96MPDQ" duration="00:00:00.0007927" startTime="2026-04-14T17:04:51.7703180+10:00" endTime="2026-04-14T17:04:51.7703180+10:00" testType="13cdc9d9-ddb5-4fa4-a97d-d965ccfc6d4b" outcome="Passed" testListId="8c84fa94-04c1-424b-9868-57a2d4851a1d" relativeResultsDirectory="0ed247cb-e2cd-4f09-99af-a19d62e80441" />
    <UnitTestResult executionId="3f1b3e93-f768-4c04-bd5b-3911887d6458" testId="2b01f205-15fc-290b-6f08-19ade5fe7706" testName="GEditor.Tests.Search.SearchServiceTests.ReplaceAll_Execute_NoMatch_DoesNothing" computerName="DESKTOP-T96MPDQ" duration="00:00:00.0001535" startTime="2026-04-14T17:04:51.7655526+10:00" endTime="2026-04-14T17:04:51.7655526+10:00" testType="13cdc9d9-ddb5-4fa4-a97d-d965ccfc6d4b" outcome="Passed" testListId="8c84fa94-04c1-424b-9868-57a2d4851a1d" relativeResultsDirectory="3f1b3e93-f768-4c04-bd5b-3911887d6458" />
    <UnitTestResult executionId="824457aa-b46c-484b-a21c-74ed7917aa70" testId="2d5f2850-888d-df12-f153-90ad00f47317" testName="GEditor.Tests.Documents.DocumentTests.LoadText_ClearsUndoHistory" computerName="DESKTOP-T96MPDQ" duration="00:00:00.0001180" startTime="2026-04-14T17:04:51.7605422+10:00" endTime="2026-04-14T17:04:51.7605423+10:00" testType="13cdc9d9-ddb5-4fa4-a97d-d965ccfc6d4b" outcome="Passed" testListId="8c84fa94-04c1-424b-9868-57a2d4851a1d" relativeResultsDirectory="824457aa-b46c-484b-a21c-74ed7917aa70" />
    <UnitTestResult executionId="7ec06a5d-40c9-449c-b96a-0ea352fc43f1" testId="fd4afeb8-8ff0-a4c8-1754-39401842a375" testName="GEditor.Tests.Management.DocumentManagerTests.OpenAsync_OpensFileAndAddsToCollection" computerName="DESKTOP-T96MPDQ" duration="00:00:00.0110174" startTime="2026-04-14T17:04:51.7948588+10:00" endTime="2026-04-14T17:04:51.7948588+10:00" testType="13cdc9d9-ddb5-4fa4-a97d-d965ccfc6d4b" outcome="Passed" testListId="8c84fa94-04c1-424b-9868-57a2d4851a1d" relativeResultsDirectory="7ec06a5d-40c9-449c-b96a-0ea352fc43f1" />
    <UnitTestResult executionId="375bd67b-f50d-466d-9926-e34a003fb6be" testId="b63003a1-d1cb-d4d3-ba06-12fb8e14b4a3" testName="GEditor.Tests.IO.TextFileServiceTests.SaveAs_PreservesOriginalFile" computerName="DESKTOP-T96MPDQ" duration="00:00:00.0024879" startTime="2026-04-14T17:04:51.7714107+10:00" endTime="2026-04-14T17:04:51.7714107+10:00" testType="13cdc9d9-ddb5-4fa4-a97d-d965ccfc6d4b" outcome="Passed" testListId="8c84fa94-04c1-424b-9868-57a2d4851a1d" relativeResultsDirectory="375bd67b-f50d-466d-9926-e34a003fb6be" />
    <UnitTestResult executionId="846b8486-e518-446d-8734-7e44a6feb16e" testId="8189f84a-0629-1b8f-a5c8-de0c842ee11b" testName="GEditor.Tests.Management.DocumentManagerTests.Close_Null_ThrowsArgumentNullException" computerName="DESKTOP-T96MPDQ" duration="00:00:00.0001234" startTime="2026-04-14T17:04:51.7952778+10:00" endTime="2026-04-14T17:04:51.7952778+10:00" testType="13cdc9d9-ddb5-4fa4-a97d-d965ccfc6d4b" outcome="Passed" testListId="8c84fa94-04c1-424b-9868-57a2d4851a1d" relativeResultsDirectory="846b8486-e518-446d-8734-7e44a6feb16e" />
    <UnitTestResult executionId="e4567cec-424f-45ad-9e31-2477cfb65b44" testId="4be953dc-6a42-1a6a-5d36-9c22637e647f" testName="GEditor.Tests.Editing.ColumnCommandTests.ColumnDeleteCommand_ShouldHandleShortLines" computerName="DESKTOP-T96MPDQ" duration="00:00:00.0001699" startTime="2026-04-14T17:04:51.7694593+10:00" endTime="2026-04-14T17:04:51.7694594+10:00" testType="13cdc9d9-ddb5-4fa4-a97d-d965ccfc6d4b" outcome="Passed" testListId="8c84fa94-04c1-424b-9868-57a2d4851a1d" relativeResultsDirectory="e4567cec-424f-45ad-9e31-2477cfb65b44" />
    <UnitTestResult executionId="e58f005f-ed72-4c5e-8c7d-46298b58a2de" testId="b87a323e-2ab1-8f4a-3dee-0b300cdda3b3" testName="GEditor.Tests.IO.LineEndingDetectorTests.Detect_MixedLfDominant_ReturnsLF" computerName="DESKTOP-T96MPDQ" duration="00:00:00.0000729" startTime="2026-04-14T17:04:51.7610998+10:00" endTime="2026-04-14T17:04:51.7610998+10:00" testType="13cdc9d9-ddb5-4fa4-a97d-d965ccfc6d4b" outcome="Passed" testListId="8c84fa94-04c1-424b-9868-57a2d4851a1d" relativeResultsDirectory="e58f005f-ed72-4c5e-8c7d-46298b58a2de" />
    <UnitTestResult executionId="ae2af311-e36e-4c21-9035-78df0f1387e9" testId="510d6403-a189-9d44-25fe-f4b2a55c06ee" testName="GEditor.Tests.Editing.UndoRedoManagerTests.Redo_ReappliesCommand" computerName="DESKTOP-T96MPDQ" duration="00:00:00.0002603" startTime="2026-04-14T17:04:51.7610604+10:00" endTime="2026-04-14T17:04:51.7610604+10:00" testType="13cdc9d9-ddb5-4fa4-a97d-d965ccfc6d4b" outcome="Passed" testListId="8c84fa94-04c1-424b-9868-57a2d4851a1d" relativeResultsDirectory="ae2af311-e36e-4c21-9035-78df0f1387e9" />
    <UnitTestResult executionId="4f3a78d7-e502-4633-baef-bbaef2a133ee" testId="e3c96858-8fc4-2b86-a66a-06fb6fad2871" testName="GEditor.Tests.Selection.ColumnSelectionTests.GetLineRanges_SingleLine_ShouldReturnSingleRange" computerName="DESKTOP-T96MPDQ" duration="00:00:00.0003780" startTime="2026-04-14T17:04:51.7611090+10:00" endTime="2026-04-14T17:04:51.7611090+10:00" testType="13cdc9d9-ddb5-4fa4-a97d-d965ccfc6d4b" outcome="Passed" testListId="8c84fa94-04c1-424b-9868-57a2d4851a1d" relativeResultsDirectory="4f3a78d7-e502-4633-baef-bbaef2a133ee" />
    <UnitTestResult executionId="735acf5f-125a-4bf1-9c80-dae0c4a760d4" testId="9814e0d6-7829-5d68-36f8-5bbfbd444189" testName="GEditor.Tests.Editing.CrlfCommandTests.GetBufferLength_ReturnsCorrectLength(text: &quot;&quot;, expected: 0)" computerName="DESKTOP-T96MPDQ" duration="00:00:00.0000022" startTime="2026-04-14T17:04:51.7633129+10:00" endTime="2026-04-14T17:04:51.7633129+10:00" testType="13cdc9d9-ddb5-4fa4-a97d-d965ccfc6d4b" outcome="Passed" testListId="8c84fa94-04c1-424b-9868-57a2d4851a1d" relativeResultsDirectory="735acf5f-125a-4bf1-9c80-dae0c4a760d4" />
    <UnitTestResult executionId="d71a1526-872a-4547-8f79-ead1ef364ac8" testId="5aea0203-6953-e253-3e7e-a52c078128e5" testName="GEditor.Tests.IO.EncodingDetectorTests.Detect_PlainAscii_ReturnsUtf8NoBom" computerName="DESKTOP-T96MPDQ" duration="00:00:00.0042499" startTime="2026-04-14T17:04:51.7463575+10:00" endTime="2026-04-14T17:04:51.7463576+10:00" testType="13cdc9d9-ddb5-4fa4-a97d-d965ccfc6d4b" outcome="Passed" testListId="8c84fa94-04c1-424b-9868-57a2d4851a1d" relativeResultsDirectory="d71a1526-872a-4547-8f79-ead1ef364ac8" />
    <UnitTestResult executionId="4e1caea7-8285-4163-90f4-37cc62e4227b" testId="01281b21-e192-6da2-93b2-1081be2ce62b" testName="GEditor.Tests.Editing.ColumnCommandTests.ColumnDeleteCommand_ShouldDeleteColumnRange" computerName="DESKTOP-T96MPDQ" duration="00:00:00.0007489" startTime="2026-04-14T17:04:51.7681097+10:00" endTime="2026-04-14T17:04:51.7681098+10:00" testType="13cdc9d9-ddb5-4fa4-a97d-d965ccfc6d4b" outcome="Passed" testListId="8c84fa94-04c1-424b-9868-57a2d4851a1d" relativeResultsDirectory="4e1caea7-8285-4163-90f4-37cc62e4227b" />
    <UnitTestResult executionId="70d0bd49-b2ee-410b-ae92-c236af079714" testId="ab5fc1e5-e866-e1b9-8884-8248fa50e044" testName="GEditor.Tests.IO.LineEndingDetectorTests.Detect_AllThreeTypes_ReturnsDominant" computerName="DESKTOP-T96MPDQ" duration="00:00:00.0000748" startTime="2026-04-14T17:04:51.7606021+10:00" endTime="2026-04-14T17:04:51.7606021+10:00" testType="13cdc9d9-ddb5-4fa4-a97d-d965ccfc6d4b" outcome="Passed" testListId="8c84fa94-04c1-424b-9868-57a2d4851a1d" relativeResultsDirectory="70d0bd49-b2ee-410b-ae92-c236af079714" />
    <UnitTestResult executionId="e3e7ff81-1253-4342-8edc-fc7671da0f68" testId="4b6fb964-73db-a070-f97f-5a3350740784" testName="GEditor.Tests.Buffer.EditorBufferTests.GetBufferLength_PlainText_ReturnsCorrectLength(text: &quot;&quot;, expected: 0)" computerName="DESKTOP-T96MPDQ" duration="00:00:00.0000051" startTime="2026-04-14T17:04:51.7592173+10:00" endTime="2026-04-14T17:04:51.7592174+10:00" testType="13cdc9d9-ddb5-4fa4-a97d-d965ccfc6d4b" outcome="Passed" testListId="8c84fa94-04c1-424b-9868-57a2d4851a1d" relativeResultsDirectory="e3e7ff81-1253-4342-8edc-fc7671da0f68" />
    <UnitTestResult executionId="2af153ee-3479-40ab-a6b9-e318279cf877" testId="239ea3d6-7926-621c-db48-b2b5235a639d" testName="GEditor.Tests.Search.SearchServiceTests.ReplaceAll_Undo_RestoresOriginalContent" computerName="DESKTOP-T96MPDQ" duration="00:00:00.0043435" startTime="2026-04-14T17:04:51.7694962+10:00" endTime="2026-04-14T17:04:51.7694962+10:00" testType="13cdc9d9-ddb5-4fa4-a97d-d965ccfc6d4b" outcome="Passed" testListId="8c84fa94-04c1-424b-9868-57a2d4851a1d" relativeResultsDirectory="2af153ee-3479-40ab-a6b9-e318279cf877" />
    <UnitTestResult executionId="c279d434-b53f-4e68-9163-60458bb7f534" testId="7d5b092d-9e8d-f992-7942-80c9f8f9bcf5" testName="GEditor.Tests.Editing.ColumnCommandTests.ColumnReplaceCommand_WithLongerReplacement_ShouldExpand" computerName="DESKTOP-T96MPDQ" duration="00:00:00.0001764" startTime="2026-04-14T17:04:51.7690848+10:00" endTime="2026-04-14T17:04:51.7690848+10:00" testType="13cdc9d9-ddb5-4fa4-a97d-d965ccfc6d4b" outcome="Passed" testListId="8c84fa94-04c1-424b-9868-57a2d4851a1d" relativeResultsDirectory="c279d434-b53f-4e68-9163-60458bb7f534" />
    <UnitTestResult executionId="e3544e6e-1a37-4b4f-94ad-f9ad7e6e79f8" testId="8b316eb4-479c-157c-654b-e868684b7e86" testName="GEditor.Tests.Editing.CrlfCommandTests.ReplaceTextCommand_MultiLine_ExecuteUndoRedo" computerName="DESKTOP-T96MPDQ" duration="00:00:00.0002382" startTime="2026-04-14T17:04:51.7640813+10:00" endTime="2026-04-14T17:04:51.7640813+10:00" testType="13cdc9d9-ddb5-4fa4-a97d-d965ccfc6d4b" outcome="Passed" testListId="8c84fa94-04c1-424b-9868-57a2d4851a1d" relativeResultsDirectory="e3544e6e-1a37-4b4f-94ad-f9ad7e6e79f8" />
    <UnitTestResult executionId="c6910f85-7ed0-4ab8-ae41-a4bc26e04dc3" testId="9b25303b-5b82-ac42-9be7-fe526c2c5743" testName="GEditor.Tests.Syntax.JsonHighlighterTests.HighlightLine_Nested" computerName="DESKTOP-T96MPDQ" duration="00:00:00.0027810" startTime="2026-04-14T17:04:51.7704076+10:00" endTime="2026-04-14T17:04:51.7704077+10:00" testType="13cdc9d9-ddb5-4fa4-a97d-d965ccfc6d4b" outcome="Passed" testListId="8c84fa94-04c1-424b-9868-57a2d4851a1d" relativeResultsDirectory="c6910f85-7ed0-4ab8-ae41-a4bc26e04dc3" />
    <UnitTestResult executionId="4067e20f-a4ed-4b91-87ff-a2c659fc2491" testId="a9e9dc78-93b9-1c70-5462-0a3ecf1372ed" testName="GEditor.Tests.Search.SearchServiceTests.FindAll_BasicSearch_FindsMatches" computerName="DESKTOP-T96MPDQ" duration="00:00:00.0001188" startTime="2026-04-14T17:04:51.7646207+10:00" endTime="2026-04-14T17:04:51.7646207+10:00" testType="13cdc9d9-ddb5-4fa4-a97d-d965ccfc6d4b" outcome="Passed" testListId="8c84fa94-04c1-424b-9868-57a2d4851a1d" relativeResultsDirectory="4067e20f-a4ed-4b91-87ff-a2c659fc2491" />
    <UnitTestResult executionId="ce9b3b08-0f1e-43af-aeb6-e21d182ec346" testId="847d9e61-842f-cd65-4c64-59ffe3c84adf" testName="GEditor.Tests.Management.DocumentManagerTests.SetActive_ClosedDocument_ThrowsArgumentException" computerName="DESKTOP-T96MPDQ" duration="00:00:00.0008752" startTime="2026-04-14T17:04:51.7811695+10:00" endTime="2026-04-14T17:04:51.7811695+10:00" testType="13cdc9d9-ddb5-4fa4-a97d-d965ccfc6d4b" outcome="Passed" testListId="8c84fa94-04c1-424b-9868-57a2d4851a1d" relativeResultsDirectory="ce9b3b08-0f1e-43af-aeb6-e21d182ec346" />
    <UnitTestResult executionId="b5c2a1da-b3c3-435c-b060-c6a491549c06" testId="59aa0e5c-f4a6-02e4-953f-fde6c7dd5f55" testName="GEditor.Tests.Buffer.EditorBufferTests.InsertAtColumns_MultiplePositions_InsertsAtEachPosition" computerName="DESKTOP-T96MPDQ" duration="00:00:00.0001575" startTime="2026-04-14T17:04:51.7658100+10:00" endTime="2026-04-14T17:04:51.7658101+10:00" testType="13cdc9d9-ddb5-4fa4-a97d-d965ccfc6d4b" outcome="Passed" testListId="8c84fa94-04c1-424b-9868-57a2d4851a1d" relativeResultsDirectory="b5c2a1da-b3c3-435c-b060-c6a491549c06" />
    <UnitTestResult executionId="3174211d-dba8-49e3-a91f-8482ecc4a74a" testId="a161a10c-e9b4-3b63-c772-4ff70d1c0179" testName="GEditor.Tests.Syntax.XmlHighlighterTests.HighlightLine_ClosingTag" computerName="DESKTOP-T96MPDQ" duration="00:00:00.0001671" startTime="2026-04-14T17:04:51.7694353+10:00" endTime="2026-04-14T17:04:51.7694353+10:00" testType="13cdc9d9-ddb5-4fa4-a97d-d965ccfc6d4b" outcome="Passed" testListId="8c84fa94-04c1-424b-9868-57a2d4851a1d" relativeResultsDirectory="3174211d-dba8-49e3-a91f-8482ecc4a74a" />
    <UnitTestResult executionId="6795f4f9-7635-4717-9a43-bd5bd58a4e8d" testId="68bff4aa-bc00-2c09-ac49-c96f018c9207" testName="GEditor.Tests.Search.SearchServiceTests.FindAll_NullBuffer_ReturnsEmpty" computerName="DESKTOP-T96MPDQ" duration="00:00:00.0003616" startTime="2026-04-14T17:04:51.7624375+10:00" endTime="2026-04-14T17:04:51.7624375+10:00" testType="13cdc9d9-ddb5-4fa4-a97d-d965ccfc6d4b" outcome="Passed" testListId="8c84fa94-04c1-424b-9868-57a2d4851a1d" relativeResultsDirectory="6795f4f9-7635-4717-9a43-bd5bd58a4e8d" />
    <UnitTestResult executionId="e88d8fe5-6a23-4e4c-967a-f3d239e2aea2" testId="ead57bcc-39cc-83aa-14db-eff57ae814ef" testName="GEditor.Tests.IO.LineEndingDetectorTests.Detect_OnlyCrlf_ReturnsCRLF" computerName="DESKTOP-T96MPDQ" duration="00:00:00.0000770" startTime="2026-04-14T17:04:51.7600231+10:00" endTime="2026-04-14T17:04:51.7600232+10:00" testType="13cdc9d9-ddb5-4fa4-a97d-d965ccfc6d4b" outcome="Passed" testListId="8c84fa94-04c1-424b-9868-57a2d4851a1d" relativeResultsDirectory="e88d8fe5-6a23-4e4c-967a-f3d239e2aea2" />
    <UnitTestResult executionId="047e82a0-bbb4-4ed1-a6c5-e8a97ddad03f" testId="8cde64e3-50ef-db12-709f-e7efe9574374" testName="GEditor.Tests.Management.DocumentManagerTests.SetActive_Null_ThrowsArgumentNullException" computerName="DESKTOP-T96MPDQ" duration="00:00:00.0001306" startTime="2026-04-14T17:04:51.7824063+10:00" endTime="2026-04-14T17:04:51.7824063+10:00" testType="13cdc9d9-ddb5-4fa4-a97d-d965ccfc6d4b" outcome="Passed" testListId="8c84fa94-04c1-424b-9868-57a2d4851a1d" relativeResultsDirectory="047e82a0-bbb4-4ed1-a6c5-e8a97ddad03f" />
    <UnitTestResult executionId="78c65902-1a75-44b0-acc5-6adb310090d1" testId="a59cab2e-2129-98db-bd62-f4ce31553fa6" testName="GEditor.Tests.Buffer.EditorBufferTests.DeleteAtColumns_ReturnsDeletedTextInOriginalOrder" computerName="DESKTOP-T96MPDQ" duration="00:00:00.0001758" startTime="2026-04-14T17:04:51.7673788+10:00" endTime="2026-04-14T17:04:51.7673789+10:00" testType="13cdc9d9-ddb5-4fa4-a97d-d965ccfc6d4b" outcome="Passed" testListId="8c84fa94-04c1-424b-9868-57a2d4851a1d" relativeResultsDirectory="78c65902-1a75-44b0-acc5-6adb310090d1" />
    <UnitTestResult executionId="513fc495-ce35-4679-a786-9ecbed77ab84" testId="7ca8e585-7361-89cf-deab-778843da8841" testName="GEditor.Tests.Management.DocumentManagerTests.Close_NonActiveDocument_KeepsActive" computerName="DESKTOP-T96MPDQ" duration="00:00:00.0001043" startTime="2026-04-14T17:04:51.7814556+10:00" endTime="2026-04-14T17:04:51.7814557+10:00" testType="13cdc9d9-ddb5-4fa4-a97d-d965ccfc6d4b" outcome="Passed" testListId="8c84fa94-04c1-424b-9868-57a2d4851a1d" relativeResultsDirectory="513fc495-ce35-4679-a786-9ecbed77ab84" />
    <UnitTestResult executionId="cf8ec67c-cf6f-4162-87be-c99ab8868e4c" testId="0e61ed8b-172d-e1b5-71c0-430d64ef71db" testName="GEditor.Tests.Buffer.EditorBufferTests.Changed_Event_FiresOnDelete" computerName="DESKTOP-T96MPDQ" duration="00:00:00.0002064" startTime="2026-04-14T17:04:51.7652137+10:00" endTime="2026-04-14T17:04:51.7652138+10:00" testType="13cdc9d9-ddb5-4fa4-a97d-d965ccfc6d4b" outcome="Passed" testListId="8c84fa94-04c1-424b-9868-57a2d4851a1d" relativeResultsDirectory="cf8ec67c-cf6f-4162-87be-c99ab8868e4c" />
    <UnitTestResult executionId="d283c0c9-50eb-4c88-8011-02da9bf47fc2" testId="bdc838a3-320d-72dc-cfcb-00399ad6729f" testName="GEditor.Tests.Search.SearchServiceTests.FindPrevious_FindsPreviousBeforePosition" computerName="DESKTOP-T96MPDQ" duration="00:00:00.0003612" startTime="2026-04-14T17:04:51.7665286+10:00" endTime="2026-04-14T17:04:51.7665287+10:00" testType="13cdc9d9-ddb5-4fa4-a97d-d965ccfc6d4b" outcome="Passed" testListId="8c84fa94-04c1-424b-9868-57a2d4851a1d" relativeResultsDirectory="d283c0c9-50eb-4c88-8011-02da9bf47fc2" />
    <UnitTestResult executionId="87785ef8-79a8-4c56-a9c3-c38b1713787b" testId="d4fcf8a2-67d8-c019-de0e-4ec35b8c0e99" testName="GEditor.Tests.Documents.DocumentTests.Undo_RestoresPreviousState" computerName="DESKTOP-T96MPDQ" duration="00:00:00.0002155" startTime="2026-04-14T17:04:51.7601188+10:00" endTime="2026-04-14T17:04:51.7601188+10:00" testType="13cdc9d9-ddb5-4fa4-a97d-d965ccfc6d4b" outcome="Passed" testListId="8c84fa94-04c1-424b-9868-57a2d4851a1d" relativeResultsDirectory="87785ef8-79a8-4c56-a9c3-c38b1713787b" />
    <UnitTestResult executionId="2a629829-b92a-4115-a0fc-6e0ff93b304b" testId="86f410d7-8a62-c6bd-fa0a-86fc520fcd77" testName="GEditor.Tests.IO.EncodingDetectorTests.Detect_NullBytes_ThrowsOrReturnsDefault" computerName="DESKTOP-T96MPDQ" duration="00:00:00.0001155" startTime="2026-04-14T17:04:51.7587972+10:00" endTime="2026-04-14T17:04:51.7587973+10:00" testType="13cdc9d9-ddb5-4fa4-a97d-d965ccfc6d4b" outcome="Passed" testListId="8c84fa94-04c1-424b-9868-57a2d4851a1d" relativeResultsDirectory="2a629829-b92a-4115-a0fc-6e0ff93b304b" />
    <UnitTestResult executionId="b004fad1-a8f5-4965-9860-f94ccaea891b" testId="d0d4a944-6a22-6b81-e6b5-ce9a8d339109" testName="GEditor.Tests.Syntax.JsonHighlighterTests.HighlightLine_Number" computerName="DESKTOP-T96MPDQ" duration="00:00:00.0001491" startTime="2026-04-14T17:04:51.7704629+10:00" endTime="2026-04-14T17:04:51.7704629+10:00" testType="13cdc9d9-ddb5-4fa4-a97d-d965ccfc6d4b" outcome="Passed" testListId="8c84fa94-04c1-424b-9868-57a2d4851a1d" relativeResultsDirectory="b004fad1-a8f5-4965-9860-f94ccaea891b" />
    <UnitTestResult executionId="9ddec837-68c1-4edc-a1e4-3731ff1aee26" testId="a0888b4f-4786-8d61-6335-32dcdc3ca050" testName="GEditor.Tests.Buffer.EditorBufferTests.GetColumnText_OutOfRangeSelection_ReturnsClamped" computerName="DESKTOP-T96MPDQ" duration="00:00:00.0001147" startTime="2026-04-14T17:04:51.7673295+10:00" endTime="2026-04-14T17:04:51.7673295+10:00" testType="13cdc9d9-ddb5-4fa4-a97d-d965ccfc6d4b" outcome="Passed" testListId="8c84fa94-04c1-424b-9868-57a2d4851a1d" relativeResultsDirectory="9ddec837-68c1-4edc-a1e4-3731ff1aee26" />
    <UnitTestResult executionId="ba31dc1c-f0a6-4b8c-86ac-f531df9b1379" testId="a627d49d-b8f4-c43f-cc86-25bf45709d54" testName="GEditor.Tests.Buffer.EditorBufferTests.SetAllText_SingleLine_SetsCorrectly" computerName="DESKTOP-T96MPDQ" duration="00:00:00.0000975" startTime="2026-04-14T17:04:51.7673536+10:00" endTime="2026-04-14T17:04:51.7673536+10:00" testType="13cdc9d9-ddb5-4fa4-a97d-d965ccfc6d4b" outcome="Passed" testListId="8c84fa94-04c1-424b-9868-57a2d4851a1d" relativeResultsDirectory="ba31dc1c-f0a6-4b8c-86ac-f531df9b1379" />
    <UnitTestResult executionId="fa67376f-0f39-418e-8f93-2f1ffe60dd6d" testId="fd72ac37-13ea-2d26-5339-1fc4a07ce9b2" testName="GEditor.Tests.Search.SearchServiceTests.CountMatches_EqualsFindAllCount" computerName="DESKTOP-T96MPDQ" duration="00:00:00.0016703" startTime="2026-04-14T17:04:51.7615844+10:00" endTime="2026-04-14T17:04:51.7615845+10:00" testType="13cdc9d9-ddb5-4fa4-a97d-d965ccfc6d4b" outcome="Passed" testListId="8c84fa94-04c1-424b-9868-57a2d4851a1d" relativeResultsDirectory="fa67376f-0f39-418e-8f93-2f1ffe60dd6d" />
    <UnitTestResult executionId="8ccdea6e-1c5a-454f-aadd-56d13165acc8" testId="a0adff90-b2a8-0a27-c174-00cbb78847eb" testName="GEditor.Tests.Editing.ColumnEditModeTests.GetColumnText_ShouldReturnEmptyStringsForEmptySelections" computerName="DESKTOP-T96MPDQ" duration="00:00:00.0004708" startTime="2026-04-14T17:04:51.7617913+10:00" endTime="2026-04-14T17:04:51.7617914+10:00" testType="13cdc9d9-ddb5-4fa4-a97d-d965ccfc6d4b" outcome="Passed" testListId="8c84fa94-04c1-424b-9868-57a2d4851a1d" relativeResultsDirectory="8ccdea6e-1c5a-454f-aadd-56d13165acc8" />
    <UnitTestResult executionId="a7f9a88e-4633-433f-b6ac-14438152601e" testId="82ba1298-26c3-0fc1-f48f-8de768ae3d02" testName="GEditor.Tests.IO.LineEndingDetectorTests.Detect_LfText_ReturnsLF" computerName="DESKTOP-T96MPDQ" duration="00:00:00.0054456" startTime="2026-04-14T17:04:51.7434720+10:00" endTime="2026-04-14T17:04:51.7434997+10:00" testType="13cdc9d9-ddb5-4fa4-a97d-d965ccfc6d4b" outcome="Passed" testListId="8c84fa94-04c1-424b-9868-57a2d4851a1d" relativeResultsDirectory="a7f9a88e-4633-433f-b6ac-14438152601e" />
    <UnitTestResult executionId="710053a6-2b7b-433c-9571-5b0ada76863d" testId="0e46b675-2e09-dda8-9f32-a1f989a85be0" testName="GEditor.Tests.Buffer.EditorBufferTests.DeleteAtColumns_EmptyRanges_ReturnsEmptyArray" computerName="DESKTOP-T96MPDQ" duration="00:00:00.0004420" startTime="2026-04-14T17:04:51.7669989+10:00" endTime="2026-04-14T17:04:51.7669989+10:00" testType="13cdc9d9-ddb5-4fa4-a97d-d965ccfc6d4b" outcome="Passed" testListId="8c84fa94-04c1-424b-9868-57a2d4851a1d" relativeResultsDirectory="710053a6-2b7b-433c-9571-5b0ada76863d" />
    <UnitTestResult executionId="1089ae65-6bba-4280-ba7c-e8e9abdc06a9" testId="94cbabfb-e60a-2caa-6c39-aab5e9e7d220" testName="GEditor.Tests.Editing.CompositeEditCommandTests.Undo_UndoesCommandsInReverseOrder" computerName="DESKTOP-T96MPDQ" duration="00:00:00.0003133" startTime="2026-04-14T17:04:51.7665183+10:00" endTime="2026-04-14T17:04:51.7665183+10:00" testType="13cdc9d9-ddb5-4fa4-a97d-d965ccfc6d4b" outcome="Passed" testListId="8c84fa94-04c1-424b-9868-57a2d4851a1d" relativeResultsDirectory="1089ae65-6bba-4280-ba7c-e8e9abdc06a9" />
    <UnitTestResult executionId="fef276bc-a349-4f7f-8cff-bbbce1fc2a52" testId="d39cca76-798f-fad7-badb-720d858fdf97" testName="GEditor.Tests.Syntax.SyntaxHighlighterRegistryTests.Register_GetByExtension_ReturnsHighlighter" computerName="DESKTOP-T96MPDQ" duration="00:00:00.0001474" startTime="2026-04-14T17:04:51.7681747+10:00" endTime="2026-04-14T17:04:51.7681747+10:00" testType="13cdc9d9-ddb5-4fa4-a97d-d965ccfc6d4b" outcome="Passed" testListId="8c84fa94-04c1-424b-9868-57a2d4851a1d" relativeResultsDirectory="fef276bc-a349-4f7f-8cff-bbbce1fc2a52" />
    <UnitTestResult executionId="b2039bc1-b340-497c-94fb-4cbae213cab9" testId="5e84591b-fd6b-89e5-c42e-75288fdf16fc" testName="GEditor.Tests.Selection.ColumnSelectionTests.IsNormalized_WhenStartAfterEnd_ShouldBeFalse" computerName="DESKTOP-T96MPDQ" duration="00:00:00.0000613" startTime="2026-04-14T17:04:51.7620880+10:00" endTime="2026-04-14T17:04:51.7620880+10:00" testType="13cdc9d9-ddb5-4fa4-a97d-d965ccfc6d4b" outcome="Passed" testListId="8c84fa94-04c1-424b-9868-57a2d4851a1d" relativeResultsDirectory="b2039bc1-b340-497c-94fb-4cbae213cab9" />
    <UnitTestResult executionId="c6f053a7-8f3e-483f-a52f-8d0c4ce57c05" testId="871047ac-4491-2b4e-45ac-71cdde092f38" testName="GEditor.Tests.Buffer.EditorBufferTests.InsertAtColumns_SinglePosition_InsertsCorrectly" computerName="DESKTOP-T96MPDQ" duration="00:00:00.0022347" startTime="2026-04-14T17:04:51.7637634+10:00" endTime="2026-04-14T17:04:51.7637635+10:00" testType="13cdc9d9-ddb5-4fa4-a97d-d965ccfc6d4b" outcome="Passed" testListId="8c84fa94-04c1-424b-9868-57a2d4851a1d" relativeResultsDirectory="c6f053a7-8f3e-483f-a52f-8d0c4ce57c05" />
    <UnitTestResult executionId="73643baa-d70a-4931-aa91-58f0634c956c" testId="33186cd3-56c9-b160-e749-f0dbcfe26ce9" testName="GEditor.Tests.Search.SearchServiceTests.ReplaceAll_Execute_SingleOccurrence" computerName="DESKTOP-T96MPDQ" duration="00:00:00.0001341" startTime="2026-04-14T17:04:51.7700498+10:00" endTime="2026-04-14T17:04:51.7700499+10:00" testType="13cdc9d9-ddb5-4fa4-a97d-d965ccfc6d4b" outcome="Passed" testListId="8c84fa94-04c1-424b-9868-57a2d4851a1d" relativeResultsDirectory="73643baa-d70a-4931-aa91-58f0634c956c" />
    <UnitTestResult executionId="756d811f-bd73-462b-b7d0-6bb05ed91814" testId="5c5ebd34-f089-9a0e-1bf7-ed31ee80f79e" testName="GEditor.Tests.Syntax.CSharpHighlighterTests.HighlightDocument_MultipleLines" computerName="DESKTOP-T96MPDQ" duration="00:00:00.0001576" startTime="2026-04-14T17:04:51.7807054+10:00" endTime="2026-04-14T17:04:51.7807054+10:00" testType="13cdc9d9-ddb5-4fa4-a97d-d965ccfc6d4b" outcome="Passed" testListId="8c84fa94-04c1-424b-9868-57a2d4851a1d" relativeResultsDirectory="756d811f-bd73-462b-b7d0-6bb05ed91814" />
    <UnitTestResult executionId="f27f0902-74ab-4004-8eff-bb757e9f460f" testId="3f6e5bba-117a-7c02-49b5-9f596755c38f" testName="GEditor.Tests.Documents.DocumentTests.GetFullText_UsesActiveLineEnding" computerName="DESKTOP-T96MPDQ" duration="00:00:00.0132932" startTime="2026-04-14T17:04:51.7703448+10:00" endTime="2026-04-14T17:04:51.7703448+10:00" testType="13cdc9d9-ddb5-4fa4-a97d-d965ccfc6d4b" outcome="Passed" testListId="8c84fa94-04c1-424b-9868-57a2d4851a1d" relativeResultsDirectory="f27f0902-74ab-4004-8eff-bb757e9f460f" />
    <UnitTestResult executionId="e2be6295-b17b-4712-bc73-f93732954f33" testId="d1d268a1-6bcf-42c0-0f1f-b2a2d0902054" testName="GEditor.Tests.Syntax.CSharpHighlighterTests.HighlightLine_Attribute" computerName="DESKTOP-T96MPDQ" duration="00:00:00.0228053" startTime="2026-04-14T17:04:51.7743797+10:00" endTime="2026-04-14T17:04:51.7743799+10:00" testType="13cdc9d9-ddb5-4fa4-a97d-d965ccfc6d4b" outcome="Passed" testListId="8c84fa94-04c1-424b-9868-57a2d4851a1d" relativeResultsDirectory="e2be6295-b17b-4712-bc73-f93732954f33" />
    <UnitTestResult executionId="06c227af-0352-4caf-9e6c-0919ed27e169" testId="7f34f48b-a3de-9b34-ee1d-ed3b04a6956f" testName="GEditor.Tests.Syntax.SyntaxHighlighterRegistryTests.GetByExtension_WithoutDot_AddsDot" computerName="DESKTOP-T96MPDQ" duration="00:00:00.0001287" startTime="2026-04-14T17:04:51.7677498+10:00" endTime="2026-04-14T17:04:51.7677499+10:00" testType="13cdc9d9-ddb5-4fa4-a97d-d965ccfc6d4b" outcome="Passed" testListId="8c84fa94-04c1-424b-9868-57a2d4851a1d" relativeResultsDirectory="06c227af-0352-4caf-9e6c-0919ed27e169" />
    <UnitTestResult executionId="a9d67794-1451-49ae-8418-49031bd8574b" testId="a9a8cf55-3373-3cef-6b56-4c1d1f947ce1" testName="GEditor.Tests.Buffer.EditorBufferTests.GetBufferLength_PlainText_ReturnsCorrectLength(text: &quot;\r\n&quot;, expected: 1)" computerName="DESKTOP-T96MPDQ" duration="00:00:00.0000031" startTime="2026-04-14T17:04:51.7594054+10:00" endTime="2026-04-14T17:04:51.7594054+10:00" testType="13cdc9d9-ddb5-4fa4-a97d-d965ccfc6d4b" outcome="Passed" testListId="8c84fa94-04c1-424b-9868-57a2d4851a1d" relativeResultsDirectory="a9d67794-1451-49ae-8418-49031bd8574b" />
    <UnitTestResult executionId="7f999193-2dac-48ef-a1b2-626100fcd15c" testId="dede5ff5-b461-0d0f-7fe1-d69638a8d397" testName="GEditor.Tests.Buffer.EditorBufferTests.GetColumnText_EmptyLine_ReturnsEmptyString" computerName="DESKTOP-T96MPDQ" duration="00:00:00.0001279" startTime="2026-04-14T17:04:51.7637879+10:00" endTime="2026-04-14T17:04:51.7637879+10:00" testType="13cdc9d9-ddb5-4fa4-a97d-d965ccfc6d4b" outcome="Passed" testListId="8c84fa94-04c1-424b-9868-57a2d4851a1d" relativeResultsDirectory="7f999193-2dac-48ef-a1b2-626100fcd15c" />
    <UnitTestResult executionId="63c34c76-c7d8-4747-a26a-624ca55122fe" testId="61f5e3eb-d6b1-8615-9331-ad22b95fd773" testName="GEditor.Tests.Buffer.EditorBufferTests.InsertAtColumns_OutOfBoundsLine_SkipsGracefully" computerName="DESKTOP-T96MPDQ" duration="00:00:00.0001269" startTime="2026-04-14T17:04:51.7682207+10:00" endTime="2026-04-14T17:04:51.7682208+10:00" testType="13cdc9d9-ddb5-4fa4-a97d-d965ccfc6d4b" outcome="Passed" testListId="8c84fa94-04c1-424b-9868-57a2d4851a1d" relativeResultsDirectory="63c34c76-c7d8-4747-a26a-624ca55122fe" />
    <UnitTestResult executionId="bb6ff748-0be0-476f-a05e-ecc52a7632af" testId="0fef898e-c5b9-f58b-9538-b47aeb0f88cc" testName="GEditor.Tests.Syntax.CSharpHighlighterTests.HighlightLine_Number" computerName="DESKTOP-T96MPDQ" duration="00:00:00.0039243" startTime="2026-04-14T17:04:51.7783385+10:00" endTime="2026-04-14T17:04:51.7783385+10:00" testType="13cdc9d9-ddb5-4fa4-a97d-d965ccfc6d4b" outcome="Passed" testListId="8c84fa94-04c1-424b-9868-57a2d4851a1d" relativeResultsDirectory="bb6ff748-0be0-476f-a05e-ecc52a7632af" />
    <UnitTestResult executionId="d61b5024-fae4-4d60-890c-fe5fdcbe4747" testId="93cf118f-407c-b1ed-1393-5d43d7dce646" testName="GEditor.Tests.Selection.ColumnSelectionTests.Offset_ShouldShiftCoordinates" computerName="DESKTOP-T96MPDQ" duration="00:00:00.0002073" startTime="2026-04-14T17:04:51.7629058+10:00" endTime="2026-04-14T17:04:51.7629059+10:00" testType="13cdc9d9-ddb5-4fa4-a97d-d965ccfc6d4b" outcome="Passed" testListId="8c84fa94-04c1-424b-9868-57a2d4851a1d" relativeResultsDirectory="d61b5024-fae4-4d60-890c-fe5fdcbe4747" />
    <UnitTestResult executionId="8569fb9c-d05a-4fae-b08d-ae410281df4f" testId="0b7c8ca2-4d3d-5c7b-e3fe-674cf0de51f7" testName="GEditor.Tests.IO.LineEndingDetectorTests.Detect_PlainTextNoNewlines_ReturnsUnknown" computerName="DESKTOP-T96MPDQ" duration="00:00:00.0000947" startTime="2026-04-14T17:04:51.7609402+10:00" endTime="2026-04-14T17:04:51.7609403+10:00" testType="13cdc9d9-ddb5-4fa4-a97d-d965ccfc6d4b" outcome="Passed" testListId="8c84fa94-04c1-424b-9868-57a2d4851a1d" relativeResultsDirectory="8569fb9c-d05a-4fae-b08d-ae410281df4f" />
    <UnitTestResult executionId="e4e058c9-f850-46b8-96e3-8aaa5e4890e1" testId="13979c20-e0e0-64d6-a895-15fa1d0ab7a2" testName="GEditor.Tests.IO.TextFileServiceTests.SaveAs_CrlfToLf_ConvertsCorrectly" computerName="DESKTOP-T96MPDQ" duration="00:00:00.0038516" startTime="2026-04-14T17:04:51.7753249+10:00" endTime="2026-04-14T17:04:51.7753250+10:00" testType="13cdc9d9-ddb5-4fa4-a97d-d965ccfc6d4b" outcome="Passed" testListId="8c84fa94-04c1-424b-9868-57a2d4851a1d" relativeResultsDirectory="e4e058c9-f850-46b8-96e3-8aaa5e4890e1" />
    <UnitTestResult executionId="560475c2-198c-4c37-ad2a-dba76332d2f1" testId="f6c38e76-b374-f9cb-6621-22e113ee2fa4" testName="GEditor.Tests.Buffer.EditorBufferTests.GetBufferLength_PlainText_ReturnsCorrectLength(text: &quot;a\rb\rc&quot;, expected: 5)" computerName="DESKTOP-T96MPDQ" duration="00:00:00.0001715" startTime="2026-04-14T17:04:51.7591827+10:00" endTime="2026-04-14T17:04:51.7591828+10:00" testType="13cdc9d9-ddb5-4fa4-a97d-d965ccfc6d4b" outcome="Passed" testListId="8c84fa94-04c1-424b-9868-57a2d4851a1d" relativeResultsDirectory="560475c2-198c-4c37-ad2a-dba76332d2f1" />
    <UnitTestResult executionId="d1321dba-a2cb-450d-9418-807e36b2a6d5" testId="d5b5a97f-0bec-a088-32dd-490067a41ea2" testName="GEditor.Tests.Editing.UndoRedoManagerTests.Undo_WhenEmpty_DoesNothing" computerName="DESKTOP-T96MPDQ" duration="00:00:00.0001855" startTime="2026-04-14T17:04:51.7586189+10:00" endTime="2026-04-14T17:04:51.7586190+10:00" testType="13cdc9d9-ddb5-4fa4-a97d-d965ccfc6d4b" outcome="Passed" testListId="8c84fa94-04c1-424b-9868-57a2d4851a1d" relativeResultsDirectory="d1321dba-a2cb-450d-9418-807e36b2a6d5" />
    <UnitTestResult executionId="da8b57df-5413-41a7-b810-b08c1489d87b" testId="7e3039dc-2068-e9b1-f4ca-6fbf5fe0c8fd" testName="GEditor.Tests.Management.DocumentManagerTests.CreateNew_CreatesDocumentAndSetsActive" computerName="DESKTOP-T96MPDQ" duration="00:00:00.0000900" startTime="2026-04-14T17:04:51.7949549+10:00" endTime="2026-04-14T17:04:51.7949549+10:00" testType="13cdc9d9-ddb5-4fa4-a97d-d965ccfc6d4b" outcome="Passed" testListId="8c84fa94-04c1-424b-9868-57a2d4851a1d" relativeResultsDirectory="da8b57df-5413-41a7-b810-b08c1489d87b" />
    <UnitTestResult executionId="fd4bb8e9-69ff-4546-b593-0d5f56f129b4" testId="2a672630-f72d-6b46-61b2-7c931409b88d" testName="GEditor.Tests.Editing.ColumnEditModeTests.DeleteAtColumns_ShouldReturnDeletedTexts" computerName="DESKTOP-T96MPDQ" duration="00:00:00.0006573" startTime="2026-04-14T17:04:51.7644640+10:00" endTime="2026-04-14T17:04:51.7644640+10:00" testType="13cdc9d9-ddb5-4fa4-a97d-d965ccfc6d4b" outcome="Passed" testListId="8c84fa94-04c1-424b-9868-57a2d4851a1d" relativeResultsDirectory="fd4bb8e9-69ff-4546-b593-0d5f56f129b4" />
    <UnitTestResult executionId="a9c21789-e9ac-494d-b54a-6257d27aefab" testId="095975a4-cf1b-044f-c0e4-61d93cae6bf9" testName="GEditor.Tests.IO.TextFileServiceTests.Open_DetectsCrlf" computerName="DESKTOP-T96MPDQ" duration="00:00:00.0062283" startTime="2026-04-14T17:04:51.7676718+10:00" endTime="2026-04-14T17:04:51.7676719+10:00" testType="13cdc9d9-ddb5-4fa4-a97d-d965ccfc6d4b" outcome="Passed" testListId="8c84fa94-04c1-424b-9868-57a2d4851a1d" relativeResultsDirectory="a9c21789-e9ac-494d-b54a-6257d27aefab" />
    <UnitTestResult executionId="7999eb8d-de67-4b12-9388-b553aaac5ce4" testId="0684134e-7579-a9ad-76d8-fa4f26407fd9" testName="GEditor.Tests.Editing.CompositeEditCommandTests.Execute_ExecutesAllCommandsInOrder" computerName="DESKTOP-T96MPDQ" duration="00:00:00.0002160" startTime="2026-04-14T17:04:51.7656905+10:00" endTime="2026-04-14T17:04:51.7656906+10:00" testType="13cdc9d9-ddb5-4fa4-a97d-d965ccfc6d4b" outcome="Passed" testListId="8c84fa94-04c1-424b-9868-57a2d4851a1d" relativeResultsDirectory="7999eb8d-de67-4b12-9388-b553aaac5ce4" />
    <UnitTestResult executionId="238c6eaa-0c4f-4566-888c-5be35000d0bf" testId="8c857d75-5d43-ea8f-788b-0ade6f231954" testName="GEditor.Tests.Editing.ColumnCommandTests.GetColumnText_ShouldReturnSelectedColumnTexts" computerName="DESKTOP-T96MPDQ" duration="00:00:00.0001618" startTime="2026-04-14T17:04:51.7699057+10:00" endTime="2026-04-14T17:04:51.7699058+10:00" testType="13cdc9d9-ddb5-4fa4-a97d-d965ccfc6d4b" outcome="Passed" testListId="8c84fa94-04c1-424b-9868-57a2d4851a1d" relativeResultsDirectory="238c6eaa-0c4f-4566-888c-5be35000d0bf" />
[...]
    <TestEntry testId="82ba1298-26c3-0fc1-f48f-8de768ae3d02" executionId="a7f9a88e-4633-433f-b6ac-14438152601e" testListId="8c84fa94-04c1-424b-9868-57a2d4851a1d" />
    <TestEntry testId="0e46b675-2e09-dda8-9f32-a1f989a85be0" executionId="710053a6-2b7b-433c-9571-5b0ada76863d" testListId="8c84fa94-04c1-424b-9868-57a2d4851a1d" />
    <TestEntry testId="94cbabfb-e60a-2caa-6c39-aab5e9e7d220" executionId="1089ae65-6bba-4280-ba7c-e8e9abdc06a9" testListId="8c84fa94-04c1-424b-9868-57a2d4851a1d" />
    <TestEntry testId="d39cca76-798f-fad7-badb-720d858fdf97" executionId="fef276bc-a349-4f7f-8cff-bbbce1fc2a52" testListId="8c84fa94-04c1-424b-9868-57a2d4851a1d" />
    <TestEntry testId="5e84591b-fd6b-89e5-c42e-75288fdf16fc" executionId="b2039bc1-b340-497c-94fb-4cbae213cab9" testListId="8c84fa94-04c1-424b-9868-57a2d4851a1d" />
    <TestEntry testId="871047ac-4491-2b4e-45ac-71cdde092f38" executionId="c6f053a7-8f3e-483f-a52f-8d0c4ce57c05" testListId="8c84fa94-04c1-424b-9868-57a2d4851a1d" />
    <TestEntry testId="33186cd3-56c9-b160-e749-f0dbcfe26ce9" executionId="73643baa-d70a-4931-aa91-58f0634c956c" testListId="8c84fa94-04c1-424b-9868-57a2d4851a1d" />
    <TestEntry testId="5c5ebd34-f089-9a0e-1bf7-ed31ee80f79e" executionId="756d811f-bd73-462b-b7d0-6bb05ed91814" testListId="8c84fa94-04c1-424b-9868-57a2d4851a1d" />
    <TestEntry testId="3f6e5bba-117a-7c02-49b5-9f596755c38f" executionId="f27f0902-74ab-4004-8eff-bb757e9f460f" testListId="8c84fa94-04c1-424b-9868-57a2d4851a1d" />
    <TestEntry testId="d1d268a1-6bcf-42c0-0f1f-b2a2d0902054" executionId="e2be6295-b17b-4712-bc73-f93732954f33" testListId="8c84fa94-04c1-424b-9868-57a2d4851a1d" />
    <TestEntry testId="7f34f48b-a3de-9b34-ee1d-ed3b04a6956f" executionId="06c227af-0352-4caf-9e6c-0919ed27e169" testListId="8c84fa94-04c1-424b-9868-57a2d4851a1d" />
    <TestEntry testId="a9a8cf55-3373-3cef-6b56-4c1d1f947ce1" executionId="a9d67794-1451-49ae-8418-49031bd8574b" testListId="8c84fa94-04c1-424b-9868-57a2d4851a1d" />
    <TestEntry testId="dede5ff5-b461-0d0f-7fe1-d69638a8d397" executionId="7f999193-2dac-48ef-a1b2-626100fcd15c" testListId="8c84fa94-04c1-424b-9868-57a2d4851a1d" />
    <TestEntry testId="61f5e3eb-d6b1-8615-9331-ad22b95fd773" executionId="63c34c76-c7d8-4747-a26a-624ca55122fe" testListId="8c84fa94-04c1-424b-9868-57a2d4851a1d" />
    <TestEntry testId="0fef898e-c5b9-f58b-9538-b47aeb0f88cc" executionId="bb6ff748-0be0-476f-a05e-ecc52a7632af" testListId="8c84fa94-04c1-424b-9868-57a2d4851a1d" />
    <TestEntry testId="93cf118f-407c-b1ed-1393-5d43d7dce646" executionId="d61b5024-fae4-4d60-890c-fe5fdcbe4747" testListId="8c84fa94-04c1-424b-9868-57a2d4851a1d" />
    <TestEntry testId="0b7c8ca2-4d3d-5c7b-e3fe-674cf0de51f7" executionId="8569fb9c-d05a-4fae-b08d-ae410281df4f" testListId="8c84fa94-04c1-424b-9868-57a2d4851a1d" />
    <TestEntry testId="13979c20-e0e0-64d6-a895-15fa1d0ab7a2" executionId="e4e058c9-f850-46b8-96e3-8aaa5e4890e1" testListId="8c84fa94-04c1-424b-9868-57a2d4851a1d" />
    <TestEntry testId="f6c38e76-b374-f9cb-6621-22e113ee2fa4" executionId="560475c2-198c-4c37-ad2a-dba76332d2f1" testListId="8c84fa94-04c1-424b-9868-57a2d4851a1d" />
    <TestEntry testId="d5b5a97f-0bec-a088-32dd-490067a41ea2" executionId="d1321dba-a2cb-450d-9418-807e36b2a6d5" testListId="8c84fa94-04c1-424b-9868-57a2d4851a1d" />
    <TestEntry testId="7e3039dc-2068-e9b1-f4ca-6fbf5fe0c8fd" executionId="da8b57df-5413-41a7-b810-b08c1489d87b" testListId="8c84fa94-04c1-424b-9868-57a2d4851a1d" />
    <TestEntry testId="2a672630-f72d-6b46-61b2-7c931409b88d" executionId="fd4bb8e9-69ff-4546-b593-0d5f56f129b4" testListId="8c84fa94-04c1-424b-9868-57a2d4851a1d" />
    <TestEntry testId="095975a4-cf1b-044f-c0e4-61d93cae6bf9" executionId="a9c21789-e9ac-494d-b54a-6257d27aefab" testListId="8c84fa94-04c1-424b-9868-57a2d4851a1d" />
    <TestEntry testId="0684134e-7579-a9ad-76d8-fa4f26407fd9" executionId="7999eb8d-de67-4b12-9388-b553aaac5ce4" testListId="8c84fa94-04c1-424b-9868-57a2d4851a1d" />
    <TestEntry testId="8c857d75-5d43-ea8f-788b-0ade6f231954" executionId="238c6eaa-0c4f-4566-888c-5be35000d0bf" testListId="8c84fa94-04c1-424b-9868-57a2d4851a1d" />
    <TestEntry testId="86a1fa45-02fc-48d4-8551-364f0abb5198" executionId="2835d909-f58c-4319-a53e-c0eb79ea8aae" testListId="8c84fa94-04c1-424b-9868-57a2d4851a1d" />
    <TestEntry testId="738fc8c7-7b84-c509-2ff7-f9a33c5bb58b" executionId="f7ae3e58-fc0a-45d0-b49e-594b9bf69214" testListId="8c84fa94-04c1-424b-9868-57a2d4851a1d" />
    <TestEntry testId="a5e587ee-f68f-ce18-7a35-9b2b2b522d03" executionId="7ad84a02-1f7c-4dc6-a521-89c7f280ad8c" testListId="8c84fa94-04c1-424b-9868-57a2d4851a1d" />
    <TestEntry testId="23690149-5348-96da-d928-f543ae85485d" executionId="05018937-6914-4d64-8682-1676685d5724" testListId="8c84fa94-04c1-424b-9868-57a2d4851a1d" />
    <TestEntry testId="d59534a9-d55e-79f0-64a0-e1d4e7001ec5" executionId="d958e785-cc0e-4423-ba5d-b194ff613df2" testListId="8c84fa94-04c1-424b-9868-57a2d4851a1d" />
    <TestEntry testId="84a3469a-e3bb-0cbd-40bd-f19a631541db" executionId="7448031a-4b22-4105-b139-5e58c945b330" testListId="8c84fa94-04c1-424b-9868-57a2d4851a1d" />
    <TestEntry testId="04731a7c-954a-15ca-ee94-dc6525e83416" executionId="3ca4dd9e-a2e5-4afb-8275-0e5dc220fcfe" testListId="8c84fa94-04c1-424b-9868-57a2d4851a1d" />
    <TestEntry testId="33bbe4d0-551f-429e-e00d-2f92d60d750e" executionId="177a56df-cdb1-4dc2-93e3-3a17c155492b" testListId="8c84fa94-04c1-424b-9868-57a2d4851a1d" />
    <TestEntry testId="8955c27e-e76f-3393-70cc-9fc0d9a4f4ae" executionId="0ac5083c-6254-4382-865e-8a6c3e2e7ec5" testListId="8c84fa94-04c1-424b-9868-57a2d4851a1d" />
    <TestEntry testId="669cee64-5ff8-f7a4-cfba-09354fd31f53" executionId="8cc68eb2-f193-4b57-b0aa-e3eda2613ea1" testListId="8c84fa94-04c1-424b-9868-57a2d4851a1d" />
    <TestEntry testId="fae885cb-dd6e-1e82-be4b-9bedff517747" executionId="65455ed7-e478-4701-bb43-90d4e9e04406" testListId="8c84fa94-04c1-424b-9868-57a2d4851a1d" />
    <TestEntry testId="14b1bc85-825e-8f2a-76d9-865bbbf58352" executionId="3a1d1cb9-d0c7-4c71-abf2-79c6156d6f51" testListId="8c84fa94-04c1-424b-9868-57a2d4851a1d" />
    <TestEntry testId="6e998c53-bccf-d3d3-4ef5-fde49d3ec192" executionId="23b8566a-7b06-4c8e-bd05-6666f6fb9df5" testListId="8c84fa94-04c1-424b-9868-57a2d4851a1d" />
    <TestEntry testId="e3629902-4918-a199-d28a-fec340799e15" executionId="e00032d3-6ce8-4769-90de-d440a1e48a6a" testListId="8c84fa94-04c1-424b-9868-57a2d4851a1d" />
    <TestEntry testId="a85c2be7-8122-41b4-1061-f1262fd61121" executionId="f8776788-d4ae-416d-9c7e-831a1d499098" testListId="8c84fa94-04c1-424b-9868-57a2d4851a1d" />
    <TestEntry testId="390cdcc9-1547-5893-a461-9b88b2ebd882" executionId="12c9b21d-4390-4fd6-970e-82f8c843a9b3" testListId="8c84fa94-04c1-424b-9868-57a2d4851a1d" />
    <TestEntry testId="a344892e-6db2-1f0e-b25b-f54963ec7aa9" executionId="cbce0a98-93d1-408e-bff8-95933431bf46" testListId="8c84fa94-04c1-424b-9868-57a2d4851a1d" />
    <TestEntry testId="79182b66-5675-1f2d-ff6f-34a0aff2c512" executionId="adb8df77-00c2-4a0b-87d7-6e4bb288a2f7" testListId="8c84fa94-04c1-424b-9868-57a2d4851a1d" />
    <TestEntry testId="04ab2fa9-a211-83f3-d761-a3dacf970ed1" executionId="07738a67-b77b-4248-a747-f24657eb828e" testListId="8c84fa94-04c1-424b-9868-57a2d4851a1d" />
    <TestEntry testId="77625c26-b9aa-304d-d525-69caa2f16f51" executionId="a3831c6b-9f17-44a6-9ea7-85dce437f12a" testListId="8c84fa94-04c1-424b-9868-57a2d4851a1d" />
    <TestEntry testId="bf55ff20-7d31-e120-c2fb-ca1e93d34685" executionId="d9ab8d28-3e15-490e-a4a0-e84ccea41e8e" testListId="8c84fa94-04c1-424b-9868-57a2d4851a1d" />
    <TestEntry testId="9bdf9a2d-95d2-6525-25a3-11c4d3ed9631" executionId="d3c538e1-d3ad-45a3-a7c6-321db8309a84" testListId="8c84fa94-04c1-424b-9868-57a2d4851a1d" />
    <TestEntry testId="bf6b5fbc-7353-d4d0-785f-2253f303aec1" executionId="9e0342d9-46f5-4280-8e6f-36cf963075cc" testListId="8c84fa94-04c1-424b-9868-57a2d4851a1d" />
    <TestEntry testId="5018446c-7637-87ce-5aa3-4e115174b1b3" executionId="752d1875-78a2-4e7b-9441-07ba9b8e20c5" testListId="8c84fa94-04c1-424b-9868-57a2d4851a1d" />
    <TestEntry testId="aec27d9c-4bf0-b1da-d7e4-7f9b1d42c0a7" executionId="904f3c00-0915-4c6d-a37b-51ddaab5b81e" testListId="8c84fa94-04c1-424b-9868-57a2d4851a1d" />
    <TestEntry testId="d0286c7f-4546-9455-dfd1-3a5ea7585bba" executionId="3c500ae0-5e0d-45d4-8d99-7cac8a8d1c62" testListId="8c84fa94-04c1-424b-9868-57a2d4851a1d" />
    <TestEntry testId="3a389f15-30ef-3a77-1568-48f7ae7e97e4" executionId="c0b25016-6b50-43b6-9f3b-389ce454934b" testListId="8c84fa94-04c1-424b-9868-57a2d4851a1d" />
    <TestEntry testId="adef7bb6-6b13-61fe-943b-f511a788467c" executionId="4a249568-0ca4-47e4-8443-0dca8d24374b" testListId="8c84fa94-04c1-424b-9868-57a2d4851a1d" />
    <TestEntry testId="9f6bb2d5-959e-99cf-a2f5-aef9b06dfc45" executionId="5eeefece-4c0c-40c3-ad90-79493f162fc9" testListId="8c84fa94-04c1-424b-9868-57a2d4851a1d" />
    <TestEntry testId="14507333-2249-f67b-d640-35a07787e71f" executionId="400a9fce-8ca2-449a-8305-d586097b2677" testListId="8c84fa94-04c1-424b-9868-57a2d4851a1d" />
    <TestEntry testId="3e5e6edf-98a1-815f-7676-093e73a90987" executionId="a4fd20fe-a1ee-4499-9097-8c2446002d8b" testListId="8c84fa94-04c1-424b-9868-57a2d4851a1d" />
    <TestEntry testId="942c362c-315a-6531-66da-0fc7ad76ebb5" executionId="0785f0b1-6cdd-41e5-8de6-3bb2731bfd91" testListId="8c84fa94-04c1-424b-9868-57a2d4851a1d" />
    <TestEntry testId="b93cd6bd-bf6a-c52d-3dd0-10255daaa97b" executionId="f821c787-3ccd-43e2-b010-73e825000cea" testListId="8c84fa94-04c1-424b-9868-57a2d4851a1d" />
    <TestEntry testId="aa3547da-2e8c-e9a0-cbed-e8c42483f789" executionId="b04eaf44-f5dd-4138-bc18-7209ece9bcc9" testListId="8c84fa94-04c1-424b-9868-57a2d4851a1d" />
    <TestEntry testId="d9960475-208c-49c9-c7a3-fbbf5b7610e8" executionId="4f43f7cd-f1f3-4ce2-baf1-63b6131265f5" testListId="8c84fa94-04c1-424b-9868-57a2d4851a1d" />
    <TestEntry testId="53781e1d-dcb1-84b3-d63c-4b6ce442a6eb" executionId="24fa70cc-a7d0-46f8-a943-abbbf95abaa6" testListId="8c84fa94-04c1-424b-9868-57a2d4851a1d" />
    <TestEntry testId="5c9b2ba3-42f2-f67a-2f72-e22dcfc9b3a8" executionId="bd86ac61-cc6e-4c52-a150-9ab605b42981" testListId="8c84fa94-04c1-424b-9868-57a2d4851a1d" />
    <TestEntry testId="d9d6332d-7a0b-89a1-3b47-1f4cfcd31ab0" executionId="0fbebdd8-3c80-48fd-bfc0-538991962869" testListId="8c84fa94-04c1-424b-9868-57a2d4851a1d" />
    <TestEntry testId="bfa221d6-e281-a184-4ac2-315446588b22" executionId="c72d67e6-9afe-4d7d-acb6-94616aa78366" testListId="8c84fa94-04c1-424b-9868-57a2d4851a1d" />
    <TestEntry testId="f9d08ca2-74af-7910-fc1b-89521349ef30" executionId="1aeab2e4-0859-472e-b527-4dfa9380d745" testListId="8c84fa94-04c1-424b-9868-57a2d4851a1d" />
    <TestEntry testId="5b766a7f-e2cb-4429-c0a2-88951dfc0fef" executionId="d81fb5ef-6c7a-443e-9259-b8596e8c2ca6" testListId="8c84fa94-04c1-424b-9868-57a2d4851a1d" />
    <TestEntry testId="8a1476c4-d36b-8146-8420-4d8a2fdca277" executionId="a2c233d1-37bd-495c-bacb-fb19737e544d" testListId="8c84fa94-04c1-424b-9868-57a2d4851a1d" />
    <TestEntry testId="dfb639ba-3cda-9463-8381-eef8b3736b3e" executionId="5dce1c90-a045-415c-b46c-f19fe8b5c50f" testListId="8c84fa94-04c1-424b-9868-57a2d4851a1d" />
    <TestEntry testId="52d2b8dc-79ae-054e-8d01-22a42f456254" executionId="1b2559d8-4ac2-411a-8e44-983ab30dd149" testListId="8c84fa94-04c1-424b-9868-57a2d4851a1d" />
    <TestEntry testId="204089b7-0370-40a0-7a97-b93622d2e264" executionId="e2a32177-e66c-4963-bb0b-930c5b6b5909" testListId="8c84fa94-04c1-424b-9868-57a2d4851a1d" />
    <TestEntry testId="a58a1a7a-c108-9c94-1e63-443367bd799a" executionId="cd1d6782-7b91-4109-8c05-a10fff9e4efb" testListId="8c84fa94-04c1-424b-9868-57a2d4851a1d" />
    <TestEntry testId="3e9d37e1-70c3-8aa8-64d1-1f2fd2207c6c" executionId="5348c2ae-1ede-4fd9-a7cc-149e26aa828a" testListId="8c84fa94-04c1-424b-9868-57a2d4851a1d" />
    <TestEntry testId="b238d717-5ecf-4cfc-6049-2f33fb317504" executionId="38625062-4a1f-4a77-93b2-7ef1facab232" testListId="8c84fa94-04c1-424b-9868-57a2d4851a1d" />
    <TestEntry testId="7339a48e-e21d-2b00-57df-8d85a6b209b7" executionId="7122fb4a-58de-49ef-a2d6-65279c341784" testListId="8c84fa94-04c1-424b-9868-57a2d4851a1d" />
    <TestEntry testId="a9720e67-c14a-3846-85dc-dcba44caff1a" executionId="c26227ed-c13b-47f0-82be-4a3ded4f6b8b" testListId="8c84fa94-04c1-424b-9868-57a2d4851a1d" />
    <TestEntry testId="41c91355-4f0b-363f-6cf2-ba7d284aa416" executionId="caa71b64-e3c1-4cfd-8a1a-ef6bcbd9e438" testListId="8c84fa94-04c1-424b-9868-57a2d4851a1d" />
    <TestEntry testId="83a92e6d-880a-e0a2-a95f-f54c328afb5a" executionId="801c1ace-d1c2-43ed-8685-56ad7b5dd949" testListId="8c84fa94-04c1-424b-9868-57a2d4851a1d" />
    <TestEntry testId="b5e421ba-8ef9-586f-b393-918d020a9dcc" executionId="478bbae2-d7ed-45bd-9fcd-76fd2417d6e9" testListId="8c84fa94-04c1-424b-9868-57a2d4851a1d" />
    <TestEntry testId="f3a4b847-d561-0f16-e228-cf7374ac56f4" executionId="ea03cc59-ef85-454b-b0cd-204187cf1bb8" testListId="8c84fa94-04c1-424b-9868-57a2d4851a1d" />
    <TestEntry testId="139beae3-4517-cf2d-29ad-edba7d51b7c3" executionId="4b9904bb-2bb7-4a56-a573-8b88eb7da1d7" testListId="8c84fa94-04c1-424b-9868-57a2d4851a1d" />
    <TestEntry testId="594dddb2-a38d-f497-9df6-f293b30d85b8" executionId="ea0552e2-688d-4d9e-95a3-be0cf65ee8c0" testListId="8c84fa94-04c1-424b-9868-57a2d4851a1d" />
    <TestEntry testId="ed5fb397-cb84-a699-0b1c-c04309d8f52a" executionId="d60c318d-9552-4260-b30b-60bcf5e86d68" testListId="8c84fa94-04c1-424b-9868-57a2d4851a1d" />
    <TestEntry testId="7b89bc8f-434e-f543-8a35-811f681fc94a" executionId="b51a0960-9547-4286-bd23-d223ace6476f" testListId="8c84fa94-04c1-424b-9868-57a2d4851a1d" />
    <TestEntry testId="b5a06c62-7473-983d-fb77-9f1418ef886a" executionId="004ace66-d9c7-4ab2-a5a7-4132d14fa50d" testListId="8c84fa94-04c1-424b-9868-57a2d4851a1d" />
    <TestEntry testId="6e457f02-ded7-fb6a-7d48-a88afd2cf16c" executionId="f1fccf2e-8586-4f24-be3e-fee2f625b515" testListId="8c84fa94-04c1-424b-9868-57a2d4851a1d" />
    <TestEntry testId="c7469a42-840c-4987-fa92-97ee719db501" executionId="c3dc415d-0d29-4e6f-b5bc-fa42648a43a8" testListId="8c84fa94-04c1-424b-9868-57a2d4851a1d" />
    <TestEntry testId="c602d9ea-8871-cc0a-aade-34aa02b161ab" executionId="033fc92f-eb2c-40cd-8976-879d3d37c11f" testListId="8c84fa94-04c1-424b-9868-57a2d4851a1d" />
    <TestEntry testId="717da879-36ea-f3a1-51f8-2cb152be974f" executionId="29284149-ab34-4656-96a9-16d40935f8d8" testListId="8c84fa94-04c1-424b-9868-57a2d4851a1d" />
    <TestEntry testId="08f7b038-c0dd-958b-a7fa-901ec96d6d12" executionId="3e935fd6-8204-4f5b-ba02-47c6226e65e0" testListId="8c84fa94-04c1-424b-9868-57a2d4851a1d" />
    <TestEntry testId="5d4c6c3a-69ce-0461-6078-fa4ec600892b" executionId="a8229179-26cd-44a9-95d4-695d35d3640e" testListId="8c84fa94-04c1-424b-9868-57a2d4851a1d" />
    <TestEntry testId="bffb2f96-68f1-112d-a88f-07f2cfcf4386" executionId="c6cf9502-d86f-4af7-b2d8-8f0dec3ee298" testListId="8c84fa94-04c1-424b-9868-57a2d4851a1d" />
    <TestEntry testId="83d51ff3-ad3f-8846-072b-724e2a9b13f2" executionId="92abc666-b11b-4b9f-a95e-bf83100264de" testListId="8c84fa94-04c1-424b-9868-57a2d4851a1d" />
    <TestEntry testId="66e0f7be-2a08-f435-b094-42a87639de0f" executionId="743cfa75-dcd7-4f7e-b940-17e93c4e5fa8" testListId="8c84fa94-04c1-424b-9868-57a2d4851a1d" />
    <TestEntry testId="dd1b2d9c-dcf3-2685-4ce3-a19efbd0cbb9" executionId="321dec6b-0f7a-4a35-a83e-8eb4fa0140e7" testListId="8c84fa94-04c1-424b-9868-57a2d4851a1d" />
    <TestEntry testId="b5948bde-e3f5-4718-28fd-374911266f7d" executionId="47606194-4a97-4641-9fe1-d35daf9a136f" testListId="8c84fa94-04c1-424b-9868-57a2d4851a1d" />
    <TestEntry testId="58d6b3e9-d6bc-42c9-5523-1a908049e087" executionId="6e0a2b79-41c6-4444-a24e-3598f9efe34d" testListId="8c84fa94-04c1-424b-9868-57a2d4851a1d" />
    <TestEntry testId="bfb52b8e-8c8d-78de-63a0-ee0746c9bac8" executionId="acd10394-806e-4aac-85be-6b5135d8bfed" testListId="8c84fa94-04c1-424b-9868-57a2d4851a1d" />
    <TestEntry testId="3e8c02b7-37da-194c-d2d1-6fadec551e23" executionId="d4788a77-d6d6-4195-9959-dba18809abff" testListId="8c84fa94-04c1-424b-9868-57a2d4851a1d" />
    <TestEntry testId="cea2b650-fb9f-ddce-4413-58244b1cfb9c" executionId="fcd09dc0-6d57-476c-9986-09483504d877" testListId="8c84fa94-04c1-424b-9868-57a2d4851a1d" />
    <TestEntry testId="a9b25a8f-dc46-7f7b-9766-71f8a19299fa" executionId="14d02970-2e0f-4ddb-91f0-386d742310f7" testListId="8c84fa94-04c1-424b-9868-57a2d4851a1d" />
    <TestEntry testId="f65a2cd7-0591-b25e-59f4-b93c5e25caee" executionId="c8a1b204-6452-410d-a0c1-e06256a811a9" testListId="8c84fa94-04c1-424b-9868-57a2d4851a1d" />
    <TestEntry testId="ffeb1f60-9c8c-fe7a-76dc-5857c64cdbfc" executionId="46c06ff0-76d7-49d5-842f-9f839f878f74" testListId="8c84fa94-04c1-424b-9868-57a2d4851a1d" />
    <TestEntry testId="115a117f-3f85-8f86-26dc-b844a890e328" executionId="4d4d36a1-1f85-4f94-a067-847768496d88" testListId="8c84fa94-04c1-424b-9868-57a2d4851a1d" />
    <TestEntry testId="8a8044cd-caad-2b10-a832-de49ba39d653" executionId="3d51e40e-1322-4f2e-8bb3-8f7f91489f36" testListId="8c84fa94-04c1-424b-9868-57a2d4851a1d" />
    <TestEntry testId="a8dce667-99d6-a965-d7fe-1fa5c1611367" executionId="0b5a47f5-7523-4de0-8dbf-1add794ff27b" testListId="8c84fa94-04c1-424b-9868-57a2d4851a1d" />
    <TestEntry testId="cb1706e5-e76d-03b7-8a22-811559d1b9a5" executionId="2d0be51b-617d-4c5c-9a5a-77cdfbb774ef" testListId="8c84fa94-04c1-424b-9868-57a2d4851a1d" />
    <TestEntry testId="6b6a8a3e-5c08-3f27-ae54-538e30277a23" executionId="54855aa1-d1c8-4a8d-b19d-81209664d4ba" testListId="8c84fa94-04c1-424b-9868-57a2d4851a1d" />
    <TestEntry testId="aaa7289b-54d3-c3b6-f2ab-0dadce95846f" executionId="22e7aef0-3cb6-4f39-aaba-9f5e242e9a61" testListId="8c84fa94-04c1-424b-9868-57a2d4851a1d" />
  </TestEntries>
  <TestLists>
    <TestList name="列表中未列出的结果" id="8c84fa94-04c1-424b-9868-57a2d4851a1d" />
    <TestList name="所有已加载的结果" id="19431567-8539-422a-85d7-44ee4e166bda" />
  </TestLists>
  <ResultSummary outcome="Failed">
    <Counters total="228" executed="228" passed="227" failed="1" error="0" timeout="0" aborted="0" inconclusive="0" passedButRunAborted="0" notRunnable="0" notExecuted="0" disconnected="0" warning="0" completed="0" inProgress="0" pending="0" />
    <Output>
      <StdOut>[xUnit.net 00:00:00.00] xUnit.net VSTest Adapter v2.5.4.1+b9eacec401 (64-bit .NET 8.0.25)&#xD;
[xUnit.net 00:00:00.06]   Discovering: GEditor.Tests&#xD;
[xUnit.net 00:00:00.11]   Discovered:  GEditor.Tests&#xD;
[xUnit.net 00:00:00.11]   Starting:    GEditor.Tests&#xD;
[xUnit.net 00:00:00.20]       Assert.Equal() Failure: Strings differ&#xD;
[xUnit.net 00:00:00.20]                  ↓ (pos 0)&#xD;
[xUnit.net 00:00:00.20]       Expected: "hello world"&#xD;
[xUnit.net 00:00:00.20]       Actual:   "﻿hello world"&#xD;
[xUnit.net 00:00:00.20]                  ↑ (pos 0)&#xD;
[xUnit.net 00:00:00.20]       Stack Trace:&#xD;
[xUnit.net 00:00:00.20]         E:\gshou\OneDrive\Documents\Python工具\G-editor\tests\GEditor.Tests\IO\TextFileServiceTests.cs(112,0): at GEditor.Tests.IO.TextFileServiceTests.SaveAs_WithDifferentEncoding_SavesInNewEncoding()&#xD;
[xUnit.net 00:00:00.20]            at System.RuntimeMethodHandle.InvokeMethod(Object target, Void** arguments, Signature sig, Boolean isConstructor)&#xD;
[xUnit.net 00:00:00.20]            at System.Reflection.MethodBaseInvoker.InvokeWithNoArgs(Object obj, BindingFlags invokeAttr)&#xD;
[xUnit.net 00:00:00.21]   Finished:    GEditor.Tests&#xD;
</StdOut>
    </Output>
    <RunInfos>
      <RunInfo computerName="DESKTOP-T96MPDQ" outcome="Error" timestamp="2026-04-14T17:04:51.8357357+10:00">
        <Text>[xUnit.net 00:00:00.20]     GEditor.Tests.IO.TextFileServiceTests.SaveAs_WithDifferentEncoding_SavesInNewEncoding [FAIL]</Text>
      </RunInfo>
    </RunInfos>
  </ResultSummary>
</TestRun>